Base path: '/Applications/Unity/Hub/Editor/6000.3.0b4/Unity.app/Contents', plugins path '/Applications/Unity/Hub/Editor/6000.3.0b4/Unity.app/Contents/PlaybackEngines', jobs: n
Cmd: initializeCompiler

Cmd: compileComputeKernel
  insize=1880 file=Assets/Scenes/2dFirstApproach/Scripts/ComputeShader.compute kernel=CSMain ppOnly=0 stripLineD=0 buildPlatform=2 km=<UNITY_VERSION=60030000> pKW=UNITY_ENABLE_REFLECTION_BUFFERS UNITY_FRAMEBUFFER_FETCH_AVAILABLE UNITY_USE_DITHER_MASK_FOR_ALPHABLENDED_SHADOWS UNITY_PBS_USE_BRDF1 UNITY_SPECCUBE_BOX_PROJECTION UNITY_SPECCUBE_BLENDING UNITY_ENABLE_DETAIL_NORMALMAP SHADER_API_DESKTOP UNITY_LIGHT_PROBE_PROXY_VOLUME UNITY_LIGHTMAP_FULL_HDR UNITY_NEEDS_RENDERPASS_FBFETCH_FALLBACK uKW=SHADER_STAGE_COMPUTE platform=metal flags=4294971424 reqs=50241 forceDXC=0 forceFXC=0  error: 2 plat 14 at ComputeShader.compute(28): undeclared identifier 'UpdatePositions'
 ok=0 outsize=0

Cmd: compileComputeKernel
  insize=1885 file=Assets/Scenes/2dFirstApproach/Scripts/ComputeShader.compute kernel=CSMain ppOnly=0 stripLineD=0 buildPlatform=2 km=<UNITY_VERSION=60030000> pKW=UNITY_ENABLE_REFLECTION_BUFFERS UNITY_FRAMEBUFFER_FETCH_AVAILABLE UNITY_USE_DITHER_MASK_FOR_ALPHABLENDED_SHADOWS UNITY_PBS_USE_BRDF1 UNITY_SPECCUBE_BOX_PROJECTION UNITY_SPECCUBE_BLENDING UNITY_ENABLE_DETAIL_NORMALMAP SHADER_API_DESKTOP UNITY_LIGHT_PROBE_PROXY_VOLUME UNITY_LIGHTMAP_FULL_HDR UNITY_NEEDS_RENDERPASS_FBFETCH_FALLBACK uKW=SHADER_STAGE_COMPUTE platform=metal flags=4294971424 reqs=50241 forceDXC=0 forceFXC=0  error: 2 plat 14 at ComputeShader.compute(26): syntax error: unexpected token 'f'
  error: 2 plat 14 at ComputeShader.compute(28): undeclared identifier 'UpdatePositions'
 ok=0 outsize=0

Cmd: compileComputeKernel
  insize=1887 file=Assets/Scenes/2dFirstApproach/Scripts/ComputeShader.compute kernel=CSMain ppOnly=0 stripLineD=0 buildPlatform=2 km=<UNITY_VERSION=60030000> pKW=UNITY_ENABLE_REFLECTION_BUFFERS UNITY_FRAMEBUFFER_FETCH_AVAILABLE UNITY_USE_DITHER_MASK_FOR_ALPHABLENDED_SHADOWS UNITY_PBS_USE_BRDF1 UNITY_SPECCUBE_BOX_PROJECTION UNITY_SPECCUBE_BLENDING UNITY_ENABLE_DETAIL_NORMALMAP SHADER_API_DESKTOP UNITY_LIGHT_PROBE_PROXY_VOLUME UNITY_LIGHTMAP_FULL_HDR UNITY_NEEDS_RENDERPASS_FBFETCH_FALLBACK uKW=SHADER_STAGE_COMPUTE platform=metal flags=4294971424 reqs=50241 forceDXC=0 forceFXC=0  error: 2 plat 14 at ComputeShader.compute(28): undeclared identifier 'UpdatePositions'
 ok=0 outsize=0

Cmd: compileComputeKernel
  insize=1886 file=Assets/Scenes/2dFirstApproach/Scripts/ComputeShader.compute kernel=CSMain ppOnly=0 stripLineD=0 buildPlatform=2 km=<UNITY_VERSION=60030000> pKW=UNITY_ENABLE_REFLECTION_BUFFERS UNITY_FRAMEBUFFER_FETCH_AVAILABLE UNITY_USE_DITHER_MASK_FOR_ALPHABLENDED_SHADOWS UNITY_PBS_USE_BRDF1 UNITY_SPECCUBE_BOX_PROJECTION UNITY_SPECCUBE_BLENDING UNITY_ENABLE_DETAIL_NORMALMAP SHADER_API_DESKTOP UNITY_LIGHT_PROBE_PROXY_VOLUME UNITY_LIGHTMAP_FULL_HDR UNITY_NEEDS_RENDERPASS_FBFETCH_FALLBACK uKW=SHADER_STAGE_COMPUTE platform=metal flags=4294971424 reqs=50241 forceDXC=0 forceFXC=0  error: 2 plat 14 at ComputeShader.compute(28): undeclared identifier 'UpdatePositions'
 ok=0 outsize=0

Cmd: compileComputeKernel
  insize=1892 file=Assets/Scenes/2dFirstApproach/Scripts/ComputeShader.compute kernel=CSMain ppOnly=0 stripLineD=0 buildPlatform=2 km=<UNITY_VERSION=60030000> pKW=UNITY_ENABLE_REFLECTION_BUFFERS UNITY_FRAMEBUFFER_FETCH_AVAILABLE UNITY_USE_DITHER_MASK_FOR_ALPHABLENDED_SHADOWS UNITY_PBS_USE_BRDF1 UNITY_SPECCUBE_BOX_PROJECTION UNITY_SPECCUBE_BLENDING UNITY_ENABLE_DETAIL_NORMALMAP SHADER_API_DESKTOP UNITY_LIGHT_PROBE_PROXY_VOLUME UNITY_LIGHTMAP_FULL_HDR UNITY_NEEDS_RENDERPASS_FBFETCH_FALLBACK uKW=SHADER_STAGE_COMPUTE platform=metal flags=4294971424 reqs=50241 forceDXC=0 forceFXC=0  error: 2 plat 14 at ComputeShader.compute(28): undeclared identifier 'UpdatePositions'
 ok=0 outsize=0

Cmd: compileComputeKernel
  insize=1906 file=Assets/Scenes/2dFirstApproach/Scripts/ComputeShader.compute kernel=CSMain ppOnly=0 stripLineD=0 buildPlatform=2 km=<UNITY_VERSION=60030000> pKW=UNITY_ENABLE_REFLECTION_BUFFERS UNITY_FRAMEBUFFER_FETCH_AVAILABLE UNITY_USE_DITHER_MASK_FOR_ALPHABLENDED_SHADOWS UNITY_PBS_USE_BRDF1 UNITY_SPECCUBE_BOX_PROJECTION UNITY_SPECCUBE_BLENDING UNITY_ENABLE_DETAIL_NORMALMAP SHADER_API_DESKTOP UNITY_LIGHT_PROBE_PROXY_VOLUME UNITY_LIGHTMAP_FULL_HDR UNITY_NEEDS_RENDERPASS_FBFETCH_FALLBACK uKW=SHADER_STAGE_COMPUTE platform=metal flags=4294971424 reqs=50241 forceDXC=0 forceFXC=0  error: 2 plat 14 at ComputeShader.compute(28): undeclared identifier 'UpdatePositions'
 ok=0 outsize=0

Cmd: compileComputeKernel
  insize=1888 file=Assets/Scenes/2dFirstApproach/Scripts/ComputeShader.compute kernel=CSMain ppOnly=0 stripLineD=0 buildPlatform=2 km=<UNITY_VERSION=60030000> pKW=UNITY_ENABLE_REFLECTION_BUFFERS UNITY_FRAMEBUFFER_FETCH_AVAILABLE UNITY_USE_DITHER_MASK_FOR_ALPHABLENDED_SHADOWS UNITY_PBS_USE_BRDF1 UNITY_SPECCUBE_BOX_PROJECTION UNITY_SPECCUBE_BLENDING UNITY_ENABLE_DETAIL_NORMALMAP SHADER_API_DESKTOP UNITY_LIGHT_PROBE_PROXY_VOLUME UNITY_LIGHTMAP_FULL_HDR UNITY_NEEDS_RENDERPASS_FBFETCH_FALLBACK uKW=SHADER_STAGE_COMPUTE platform=metal flags=4294971424 reqs=50241 forceDXC=0 forceFXC=0  error: 2 plat 14 at ComputeShader.compute(28): undeclared identifier 'UpdatePositions'
 ok=0 outsize=0

Cmd: compileComputeKernel
  insize=1889 file=Assets/Scenes/2dFirstApproach/Scripts/ComputeShader.compute kernel=CSMain ppOnly=0 stripLineD=0 buildPlatform=2 km=<UNITY_VERSION=60030000> pKW=UNITY_ENABLE_REFLECTION_BUFFERS UNITY_FRAMEBUFFER_FETCH_AVAILABLE UNITY_USE_DITHER_MASK_FOR_ALPHABLENDED_SHADOWS UNITY_PBS_USE_BRDF1 UNITY_SPECCUBE_BOX_PROJECTION UNITY_SPECCUBE_BLENDING UNITY_ENABLE_DETAIL_NORMALMAP SHADER_API_DESKTOP UNITY_LIGHT_PROBE_PROXY_VOLUME UNITY_LIGHTMAP_FULL_HDR UNITY_NEEDS_RENDERPASS_FBFETCH_FALLBACK uKW=SHADER_STAGE_COMPUTE platform=metal flags=4294971424 reqs=50241 forceDXC=0 forceFXC=0  error: 2 plat 14 at ComputeShader.compute(28): undeclared identifier 'UpdatePositions'
 ok=0 outsize=0

Cmd: compileComputeKernel
  insize=2007 file=Assets/Scenes/2dFirstApproach/Scripts/ComputeShader.compute kernel=CSMain ppOnly=0 stripLineD=0 buildPlatform=2 km=<UNITY_VERSION=60030000> pKW=UNITY_ENABLE_REFLECTION_BUFFERS UNITY_FRAMEBUFFER_FETCH_AVAILABLE UNITY_USE_DITHER_MASK_FOR_ALPHABLENDED_SHADOWS UNITY_PBS_USE_BRDF1 UNITY_SPECCUBE_BOX_PROJECTION UNITY_SPECCUBE_BLENDING UNITY_ENABLE_DETAIL_NORMALMAP SHADER_API_DESKTOP UNITY_LIGHT_PROBE_PROXY_VOLUME UNITY_LIGHTMAP_FULL_HDR UNITY_NEEDS_RENDERPASS_FBFETCH_FALLBACK uKW=SHADER_STAGE_COMPUTE platform=metal flags=4294971424 reqs=50241 forceDXC=0 forceFXC=0  error: 2 plat 14 at ComputeShader.compute(28): undeclared identifier 'particleIndex'
 ok=0 outsize=0

Cmd: compileComputeKernel
  insize=1989 file=Assets/Scenes/2dFirstApproach/Scripts/ComputeShader.compute kernel=CSMain ppOnly=0 stripLineD=0 buildPlatform=2 km=<UNITY_VERSION=60030000> pKW=UNITY_ENABLE_REFLECTION_BUFFERS UNITY_FRAMEBUFFER_FETCH_AVAILABLE UNITY_USE_DITHER_MASK_FOR_ALPHABLENDED_SHADOWS UNITY_PBS_USE_BRDF1 UNITY_SPECCUBE_BOX_PROJECTION UNITY_SPECCUBE_BLENDING UNITY_ENABLE_DETAIL_NORMALMAP SHADER_API_DESKTOP UNITY_LIGHT_PROBE_PROXY_VOLUME UNITY_LIGHTMAP_FULL_HDR UNITY_NEEDS_RENDERPASS_FBFETCH_FALLBACK uKW=SHADER_STAGE_COMPUTE platform=metal flags=4294971424 reqs=50241 forceDXC=0 forceFXC=0  error: 2 plat 14 at ComputeShader.compute(29): undeclared identifier 'HandleCollisions'
 ok=0 outsize=0

Cmd: compileComputeKernel
  insize=1991 file=Assets/Scenes/2dFirstApproach/Scripts/ComputeShader.compute kernel=CSMain ppOnly=0 stripLineD=0 buildPlatform=2 km=<UNITY_VERSION=60030000> pKW=UNITY_ENABLE_REFLECTION_BUFFERS UNITY_FRAMEBUFFER_FETCH_AVAILABLE UNITY_USE_DITHER_MASK_FOR_ALPHABLENDED_SHADOWS UNITY_PBS_USE_BRDF1 UNITY_SPECCUBE_BOX_PROJECTION UNITY_SPECCUBE_BLENDING UNITY_ENABLE_DETAIL_NORMALMAP SHADER_API_DESKTOP UNITY_LIGHT_PROBE_PROXY_VOLUME UNITY_LIGHTMAP_FULL_HDR UNITY_NEEDS_RENDERPASS_FBFETCH_FALLBACK uKW=SHADER_STAGE_COMPUTE platform=metal flags=4294971424 reqs=50241 forceDXC=0 forceFXC=0  error: 1 plat 14 at ComputeShader.compute(17): implicit truncation of vector type
  error: 1 plat 14 at ComputeShader.compute(18): implicit truncation of vector type
  error: 2 plat 14 at ComputeShader.compute(27): undeclared identifier 'collisionDamping'
 ok=0 outsize=0

Cmd: compileComputeKernel
  insize=2039 file=Assets/Scenes/2dFirstApproach/Scripts/ComputeShader.compute kernel=CSMain ppOnly=0 stripLineD=0 buildPlatform=2 km=<UNITY_VERSION=60030000> pKW=UNITY_ENABLE_REFLECTION_BUFFERS UNITY_FRAMEBUFFER_FETCH_AVAILABLE UNITY_USE_DITHER_MASK_FOR_ALPHABLENDED_SHADOWS UNITY_PBS_USE_BRDF1 UNITY_SPECCUBE_BOX_PROJECTION UNITY_SPECCUBE_BLENDING UNITY_ENABLE_DETAIL_NORMALMAP SHADER_API_DESKTOP UNITY_LIGHT_PROBE_PROXY_VOLUME UNITY_LIGHTMAP_FULL_HDR UNITY_NEEDS_RENDERPASS_FBFETCH_FALLBACK uKW=SHADER_STAGE_COMPUTE platform=metal flags=4294971424 reqs=50241 forceDXC=0 forceFXC=0  error: 1 plat 14 at ComputeShader.compute(22): implicit truncation of vector type
  error: 1 plat 14 at ComputeShader.compute(23): implicit truncation of vector type
  error: 2 plat 14 at ComputeShader.compute(83): undeclared identifier 'id'
 ok=0 outsize=0

Cmd: compileComputeKernel
  insize=2048 file=Assets/Scenes/2dFirstApproach/Scripts/ComputeShader.compute kernel=CSMain ppOnly=0 stripLineD=0 buildPlatform=2 km=<UNITY_VERSION=60030000> pKW=UNITY_ENABLE_REFLECTION_BUFFERS UNITY_FRAMEBUFFER_FETCH_AVAILABLE UNITY_USE_DITHER_MASK_FOR_ALPHABLENDED_SHADOWS UNITY_PBS_USE_BRDF1 UNITY_SPECCUBE_BOX_PROJECTION UNITY_SPECCUBE_BLENDING UNITY_ENABLE_DETAIL_NORMALMAP SHADER_API_DESKTOP UNITY_LIGHT_PROBE_PROXY_VOLUME UNITY_LIGHTMAP_FULL_HDR UNITY_NEEDS_RENDERPASS_FBFETCH_FALLBACK uKW=SHADER_STAGE_COMPUTE platform=metal flags=4294971424 reqs=50241 forceDXC=0 forceFXC=0  error: 1 plat 14 at ComputeShader.compute(22): implicit truncation of vector type
  error: 1 plat 14 at ComputeShader.compute(23): implicit truncation of vector type
 ok=1 outsize=1913

Cmd: compileComputeKernel
  insize=1989 file=Assets/Scenes/2dFirstApproach/Scripts/ComputeShader.compute kernel=CSMain ppOnly=0 stripLineD=0 buildPlatform=2 km=<UNITY_VERSION=60030000> pKW=UNITY_ENABLE_REFLECTION_BUFFERS UNITY_FRAMEBUFFER_FETCH_AVAILABLE UNITY_USE_DITHER_MASK_FOR_ALPHABLENDED_SHADOWS UNITY_PBS_USE_BRDF1 UNITY_SPECCUBE_BOX_PROJECTION UNITY_SPECCUBE_BLENDING UNITY_ENABLE_DETAIL_NORMALMAP SHADER_API_DESKTOP UNITY_LIGHT_PROBE_PROXY_VOLUME UNITY_LIGHTMAP_FULL_HDR UNITY_NEEDS_RENDERPASS_FBFETCH_FALLBACK uKW=SHADER_STAGE_COMPUTE platform=metal flags=4294971424 reqs=50241 forceDXC=0 forceFXC=0  error: 2 plat 14 at ComputeShader.compute(29): undeclared identifier 'HandleCollisions'
 ok=0 outsize=0

Cmd: compileComputeKernel
  insize=1889 file=Assets/Scenes/2dFirstApproach/Scripts/ComputeShader.compute kernel=CSMain ppOnly=0 stripLineD=0 buildPlatform=2 km=<UNITY_VERSION=60030000> pKW=UNITY_ENABLE_REFLECTION_BUFFERS UNITY_FRAMEBUFFER_FETCH_AVAILABLE UNITY_USE_DITHER_MASK_FOR_ALPHABLENDED_SHADOWS UNITY_PBS_USE_BRDF1 UNITY_SPECCUBE_BOX_PROJECTION UNITY_SPECCUBE_BLENDING UNITY_ENABLE_DETAIL_NORMALMAP SHADER_API_DESKTOP UNITY_LIGHT_PROBE_PROXY_VOLUME UNITY_LIGHTMAP_FULL_HDR UNITY_NEEDS_RENDERPASS_FBFETCH_FALLBACK uKW=SHADER_STAGE_COMPUTE platform=metal flags=4294971424 reqs=50241 forceDXC=0 forceFXC=0  error: 1 plat 14 at ComputeShader.compute(19): implicit truncation of vector type
  error: 1 plat 14 at ComputeShader.compute(20): implicit truncation of vector type
  error: 2 plat 14 at ComputeShader.compute(29): undeclared identifier 'collisionDamping'
 ok=0 outsize=0

Cmd: compileComputeKernel
  insize=1886 file=Assets/Scenes/2dFirstApproach/Scripts/ComputeShader.compute kernel=CSMain ppOnly=0 stripLineD=0 buildPlatform=2 km=<UNITY_VERSION=60030000> pKW=UNITY_ENABLE_REFLECTION_BUFFERS UNITY_FRAMEBUFFER_FETCH_AVAILABLE UNITY_USE_DITHER_MASK_FOR_ALPHABLENDED_SHADOWS UNITY_PBS_USE_BRDF1 UNITY_SPECCUBE_BOX_PROJECTION UNITY_SPECCUBE_BLENDING UNITY_ENABLE_DETAIL_NORMALMAP SHADER_API_DESKTOP UNITY_LIGHT_PROBE_PROXY_VOLUME UNITY_LIGHTMAP_FULL_HDR UNITY_NEEDS_RENDERPASS_FBFETCH_FALLBACK uKW=SHADER_STAGE_COMPUTE platform=metal flags=4294971424 reqs=50241 forceDXC=0 forceFXC=0  error: 2 plat 14 at ComputeShader.compute(28): undeclared identifier 'UpdatePositions'
 ok=0 outsize=0

Cmd: compileComputeKernel
  insize=1893 file=Assets/Scenes/2dFirstApproach/Scripts/ComputeShader.compute kernel=CSMain ppOnly=0 stripLineD=0 buildPlatform=2 km=<UNITY_VERSION=60030000> pKW=UNITY_ENABLE_REFLECTION_BUFFERS UNITY_FRAMEBUFFER_FETCH_AVAILABLE UNITY_USE_DITHER_MASK_FOR_ALPHABLENDED_SHADOWS UNITY_PBS_USE_BRDF1 UNITY_SPECCUBE_BOX_PROJECTION UNITY_SPECCUBE_BLENDING UNITY_ENABLE_DETAIL_NORMALMAP SHADER_API_DESKTOP UNITY_LIGHT_PROBE_PROXY_VOLUME UNITY_LIGHTMAP_FULL_HDR UNITY_NEEDS_RENDERPASS_FBFETCH_FALLBACK uKW=SHADER_STAGE_COMPUTE platform=metal flags=4294971424 reqs=50241 forceDXC=0 forceFXC=0  error: 1 plat 14 at ComputeShader.compute(23): implicit truncation of vector type
  error: 1 plat 14 at ComputeShader.compute(24): implicit truncation of vector type
  error: 2 plat 14 at ComputeShader.compute(33): undeclared identifier 'collisionDamping'
 ok=0 outsize=0

Cmd: compileComputeKernel
  insize=1899 file=Assets/Scenes/2dFirstApproach/Scripts/ComputeShader.compute kernel=CSMain ppOnly=0 stripLineD=0 buildPlatform=2 km=<UNITY_VERSION=60030000> pKW=UNITY_ENABLE_REFLECTION_BUFFERS UNITY_FRAMEBUFFER_FETCH_AVAILABLE UNITY_USE_DITHER_MASK_FOR_ALPHABLENDED_SHADOWS UNITY_PBS_USE_BRDF1 UNITY_SPECCUBE_BOX_PROJECTION UNITY_SPECCUBE_BLENDING UNITY_ENABLE_DETAIL_NORMALMAP SHADER_API_DESKTOP UNITY_LIGHT_PROBE_PROXY_VOLUME UNITY_LIGHTMAP_FULL_HDR UNITY_NEEDS_RENDERPASS_FBFETCH_FALLBACK uKW=SHADER_STAGE_COMPUTE platform=metal flags=4294971424 reqs=50241 forceDXC=0 forceFXC=0  error: 2 plat 14 at ComputeShader.compute(33): undeclared identifier 'collisionDamping'
 ok=0 outsize=0

Cmd: compileComputeKernel
  insize=1922 file=Assets/Scenes/2dFirstApproach/Scripts/ComputeShader.compute kernel=CSMain ppOnly=0 stripLineD=0 buildPlatform=2 km=<UNITY_VERSION=60030000> pKW=UNITY_ENABLE_REFLECTION_BUFFERS UNITY_FRAMEBUFFER_FETCH_AVAILABLE UNITY_USE_DITHER_MASK_FOR_ALPHABLENDED_SHADOWS UNITY_PBS_USE_BRDF1 UNITY_SPECCUBE_BOX_PROJECTION UNITY_SPECCUBE_BLENDING UNITY_ENABLE_DETAIL_NORMALMAP SHADER_API_DESKTOP UNITY_LIGHT_PROBE_PROXY_VOLUME UNITY_LIGHTMAP_FULL_HDR UNITY_NEEDS_RENDERPASS_FBFETCH_FALLBACK uKW=SHADER_STAGE_COMPUTE platform=metal flags=4294971424 reqs=50241 forceDXC=0 forceFXC=0  error: 2 plat 14 at ComputeShader.compute(64): undeclared identifier 'id'
 ok=0 outsize=0

Cmd: compileComputeKernel
  insize=1930 file=Assets/Scenes/2dFirstApproach/Scripts/ComputeShader.compute kernel=CSMain ppOnly=0 stripLineD=0 buildPlatform=2 km=<UNITY_VERSION=60030000> pKW=UNITY_ENABLE_REFLECTION_BUFFERS UNITY_FRAMEBUFFER_FETCH_AVAILABLE UNITY_USE_DITHER_MASK_FOR_ALPHABLENDED_SHADOWS UNITY_PBS_USE_BRDF1 UNITY_SPECCUBE_BOX_PROJECTION UNITY_SPECCUBE_BLENDING UNITY_ENABLE_DETAIL_NORMALMAP SHADER_API_DESKTOP UNITY_LIGHT_PROBE_PROXY_VOLUME UNITY_LIGHTMAP_FULL_HDR UNITY_NEEDS_RENDERPASS_FBFETCH_FALLBACK uKW=SHADER_STAGE_COMPUTE platform=metal flags=4294971424 reqs=50241 forceDXC=0 forceFXC=0 ok=1 outsize=1484

Cmd: compileComputeKernel
  insize=1948 file=Assets/Scenes/2dFirstApproach/Scripts/ComputeShader.compute kernel=CSMain ppOnly=0 stripLineD=0 buildPlatform=2 km=<UNITY_VERSION=60030000> pKW=UNITY_ENABLE_REFLECTION_BUFFERS UNITY_FRAMEBUFFER_FETCH_AVAILABLE UNITY_USE_DITHER_MASK_FOR_ALPHABLENDED_SHADOWS UNITY_PBS_USE_BRDF1 UNITY_SPECCUBE_BOX_PROJECTION UNITY_SPECCUBE_BLENDING UNITY_ENABLE_DETAIL_NORMALMAP SHADER_API_DESKTOP UNITY_LIGHT_PROBE_PROXY_VOLUME UNITY_LIGHTMAP_FULL_HDR UNITY_NEEDS_RENDERPASS_FBFETCH_FALLBACK uKW=SHADER_STAGE_COMPUTE platform=metal flags=4294971424 reqs=50241 forceDXC=0 forceFXC=0  error: 2 plat 14 at ComputeShader.compute(74): cannot implicitly convert from 'float2' to 'float3'
 ok=0 outsize=0

Cmd: compileComputeKernel
  insize=1924 file=Assets/Scenes/2dFirstApproach/Scripts/ComputeShader.compute kernel=CSMain ppOnly=0 stripLineD=0 buildPlatform=2 km=<UNITY_VERSION=60030000> pKW=UNITY_ENABLE_REFLECTION_BUFFERS UNITY_FRAMEBUFFER_FETCH_AVAILABLE UNITY_USE_DITHER_MASK_FOR_ALPHABLENDED_SHADOWS UNITY_PBS_USE_BRDF1 UNITY_SPECCUBE_BOX_PROJECTION UNITY_SPECCUBE_BLENDING UNITY_ENABLE_DETAIL_NORMALMAP SHADER_API_DESKTOP UNITY_LIGHT_PROBE_PROXY_VOLUME UNITY_LIGHTMAP_FULL_HDR UNITY_NEEDS_RENDERPASS_FBFETCH_FALLBACK uKW=SHADER_STAGE_COMPUTE platform=metal flags=4294971424 reqs=50241 forceDXC=0 forceFXC=0 ok=1 outsize=1484

Cmd: compileComputeKernel
  insize=1926 file=Assets/Scenes/2dFirstApproach/Scripts/ComputeShader.compute kernel=CSMain ppOnly=0 stripLineD=0 buildPlatform=2 km=<UNITY_VERSION=60030000> pKW=UNITY_ENABLE_REFLECTION_BUFFERS UNITY_FRAMEBUFFER_FETCH_AVAILABLE UNITY_USE_DITHER_MASK_FOR_ALPHABLENDED_SHADOWS UNITY_PBS_USE_BRDF1 UNITY_SPECCUBE_BOX_PROJECTION UNITY_SPECCUBE_BLENDING UNITY_ENABLE_DETAIL_NORMALMAP SHADER_API_DESKTOP UNITY_LIGHT_PROBE_PROXY_VOLUME UNITY_LIGHTMAP_FULL_HDR UNITY_NEEDS_RENDERPASS_FBFETCH_FALLBACK uKW=SHADER_STAGE_COMPUTE platform=metal flags=4294971424 reqs=50241 forceDXC=0 forceFXC=0 ok=1 outsize=1486

Cmd: compileComputeKernel
  insize=1930 file=Assets/Scenes/2dFirstApproach/Scripts/ComputeShader.compute kernel=CSMain ppOnly=0 stripLineD=0 buildPlatform=2 km=<UNITY_VERSION=60030000> pKW=UNITY_ENABLE_REFLECTION_BUFFERS UNITY_FRAMEBUFFER_FETCH_AVAILABLE UNITY_USE_DITHER_MASK_FOR_ALPHABLENDED_SHADOWS UNITY_PBS_USE_BRDF1 UNITY_SPECCUBE_BOX_PROJECTION UNITY_SPECCUBE_BLENDING UNITY_ENABLE_DETAIL_NORMALMAP SHADER_API_DESKTOP UNITY_LIGHT_PROBE_PROXY_VOLUME UNITY_LIGHTMAP_FULL_HDR UNITY_NEEDS_RENDERPASS_FBFETCH_FALLBACK uKW=SHADER_STAGE_COMPUTE platform=metal flags=4294971424 reqs=50241 forceDXC=0 forceFXC=0 ok=1 outsize=1913

Cmd: compileComputeKernel
  insize=1932 file=Assets/Scenes/2dFirstApproach/Scripts/ComputeShader.compute kernel=CSMain ppOnly=0 stripLineD=0 buildPlatform=2 km=<UNITY_VERSION=60030000> pKW=UNITY_ENABLE_REFLECTION_BUFFERS UNITY_FRAMEBUFFER_FETCH_AVAILABLE UNITY_USE_DITHER_MASK_FOR_ALPHABLENDED_SHADOWS UNITY_PBS_USE_BRDF1 UNITY_SPECCUBE_BOX_PROJECTION UNITY_SPECCUBE_BLENDING UNITY_ENABLE_DETAIL_NORMALMAP SHADER_API_DESKTOP UNITY_LIGHT_PROBE_PROXY_VOLUME UNITY_LIGHTMAP_FULL_HDR UNITY_NEEDS_RENDERPASS_FBFETCH_FALLBACK uKW=SHADER_STAGE_COMPUTE platform=metal flags=4294971424 reqs=50241 forceDXC=0 forceFXC=0 ok=1 outsize=1913

Cmd: compileComputeKernel
  insize=2003 file=Assets/Scenes/2dFirstApproach/Scripts/ComputeShader.compute kernel=CSMain ppOnly=0 stripLineD=0 buildPlatform=2 km=<UNITY_VERSION=60030000> pKW=UNITY_ENABLE_REFLECTION_BUFFERS UNITY_FRAMEBUFFER_FETCH_AVAILABLE UNITY_USE_DITHER_MASK_FOR_ALPHABLENDED_SHADOWS UNITY_PBS_USE_BRDF1 UNITY_SPECCUBE_BOX_PROJECTION UNITY_SPECCUBE_BLENDING UNITY_ENABLE_DETAIL_NORMALMAP SHADER_API_DESKTOP UNITY_LIGHT_PROBE_PROXY_VOLUME UNITY_LIGHTMAP_FULL_HDR UNITY_NEEDS_RENDERPASS_FBFETCH_FALLBACK uKW=SHADER_STAGE_COMPUTE platform=metal flags=4294971424 reqs=50241 forceDXC=0 forceFXC=0 ok=1 outsize=1913

Cmd: compileComputeKernel
  insize=2003 file=Assets/Scenes/2dFirstApproach/Scripts/ComputeShader.compute kernel=CSMain ppOnly=0 stripLineD=0 buildPlatform=2 km=<UNITY_VERSION=60030000> pKW=UNITY_ENABLE_REFLECTION_BUFFERS UNITY_FRAMEBUFFER_FETCH_AVAILABLE UNITY_USE_DITHER_MASK_FOR_ALPHABLENDED_SHADOWS UNITY_PBS_USE_BRDF1 UNITY_SPECCUBE_BOX_PROJECTION UNITY_SPECCUBE_BLENDING UNITY_ENABLE_DETAIL_NORMALMAP SHADER_API_DESKTOP UNITY_LIGHT_PROBE_PROXY_VOLUME UNITY_LIGHTMAP_FULL_HDR UNITY_NEEDS_RENDERPASS_FBFETCH_FALLBACK uKW=SHADER_STAGE_COMPUTE platform=metal flags=4294971424 reqs=50241 forceDXC=0 forceFXC=0  error: 1 plat 14 at ComputeShader.compute(74): implicit truncation of vector type
  error: 1 plat 14 at ComputeShader.compute(75): implicit truncation of vector type
  error: 1 plat 14 at ComputeShader.compute(80): implicit truncation of vector type
 ok=1 outsize=1913

Cmd: compileComputeKernel
  insize=1879 file=Assets/Scenes/2dFirstApproach/Scripts/ComputeShader.compute kernel=CSMain ppOnly=0 stripLineD=0 buildPlatform=2 km=<UNITY_VERSION=60030000> pKW=UNITY_ENABLE_REFLECTION_BUFFERS UNITY_FRAMEBUFFER_FETCH_AVAILABLE UNITY_USE_DITHER_MASK_FOR_ALPHABLENDED_SHADOWS UNITY_PBS_USE_BRDF1 UNITY_SPECCUBE_BOX_PROJECTION UNITY_SPECCUBE_BLENDING UNITY_ENABLE_DETAIL_NORMALMAP SHADER_API_DESKTOP UNITY_LIGHT_PROBE_PROXY_VOLUME UNITY_LIGHTMAP_FULL_HDR UNITY_NEEDS_RENDERPASS_FBFETCH_FALLBACK uKW=SHADER_STAGE_COMPUTE platform=metal flags=4294971424 reqs=50241 forceDXC=0 forceFXC=0  error: 2 plat 14 at ComputeShader.compute(31): undeclared identifier 'HandleCollisions'
 ok=0 outsize=0

Cmd: compileComputeKernel
  insize=1785 file=Assets/Scenes/2dFirstApproach/Scripts/ComputeShader.compute kernel=CSMain ppOnly=0 stripLineD=0 buildPlatform=2 km=<UNITY_VERSION=60030000> pKW=UNITY_ENABLE_REFLECTION_BUFFERS UNITY_FRAMEBUFFER_FETCH_AVAILABLE UNITY_USE_DITHER_MASK_FOR_ALPHABLENDED_SHADOWS UNITY_PBS_USE_BRDF1 UNITY_SPECCUBE_BOX_PROJECTION UNITY_SPECCUBE_BLENDING UNITY_ENABLE_DETAIL_NORMALMAP SHADER_API_DESKTOP UNITY_LIGHT_PROBE_PROXY_VOLUME UNITY_LIGHTMAP_FULL_HDR UNITY_NEEDS_RENDERPASS_FBFETCH_FALLBACK uKW=SHADER_STAGE_COMPUTE platform=metal flags=4294971424 reqs=50241 forceDXC=0 forceFXC=0 ok=1 outsize=5450

Cmd: compileComputeKernel
  insize=1799 file=Assets/Scenes/2dFirstApproach/Scripts/ComputeShader.compute kernel=CSMain ppOnly=0 stripLineD=0 buildPlatform=2 km=<UNITY_VERSION=60030000> pKW=UNITY_ENABLE_REFLECTION_BUFFERS UNITY_FRAMEBUFFER_FETCH_AVAILABLE UNITY_USE_DITHER_MASK_FOR_ALPHABLENDED_SHADOWS UNITY_PBS_USE_BRDF1 UNITY_SPECCUBE_BOX_PROJECTION UNITY_SPECCUBE_BLENDING UNITY_ENABLE_DETAIL_NORMALMAP SHADER_API_DESKTOP UNITY_LIGHT_PROBE_PROXY_VOLUME UNITY_LIGHTMAP_FULL_HDR UNITY_NEEDS_RENDERPASS_FBFETCH_FALLBACK uKW=SHADER_STAGE_COMPUTE platform=metal flags=4294971424 reqs=50241 forceDXC=0 forceFXC=0  error: 2 plat 14 at ComputeShader.compute(32): undeclared identifier 'HandleCollisions'
 ok=0 outsize=0

Cmd: compileComputeKernel
  insize=1803 file=Assets/Scenes/2dFirstApproach/Scripts/ComputeShader.compute kernel=CSMain ppOnly=0 stripLineD=0 buildPlatform=2 km=<UNITY_VERSION=60030000> pKW=UNITY_ENABLE_REFLECTION_BUFFERS UNITY_FRAMEBUFFER_FETCH_AVAILABLE UNITY_USE_DITHER_MASK_FOR_ALPHABLENDED_SHADOWS UNITY_PBS_USE_BRDF1 UNITY_SPECCUBE_BOX_PROJECTION UNITY_SPECCUBE_BLENDING UNITY_ENABLE_DETAIL_NORMALMAP SHADER_API_DESKTOP UNITY_LIGHT_PROBE_PROXY_VOLUME UNITY_LIGHTMAP_FULL_HDR UNITY_NEEDS_RENDERPASS_FBFETCH_FALLBACK uKW=SHADER_STAGE_COMPUTE platform=metal flags=4294971424 reqs=50241 forceDXC=0 forceFXC=0  error: 2 plat 14 at ComputeShader.compute(20): undeclared identifier 'pos'
 ok=0 outsize=0

Cmd: compileComputeKernel
  insize=1816 file=Assets/Scenes/2dFirstApproach/Scripts/ComputeShader.compute kernel=CSMain ppOnly=0 stripLineD=0 buildPlatform=2 km=<UNITY_VERSION=60030000> pKW=UNITY_ENABLE_REFLECTION_BUFFERS UNITY_FRAMEBUFFER_FETCH_AVAILABLE UNITY_USE_DITHER_MASK_FOR_ALPHABLENDED_SHADOWS UNITY_PBS_USE_BRDF1 UNITY_SPECCUBE_BOX_PROJECTION UNITY_SPECCUBE_BLENDING UNITY_ENABLE_DETAIL_NORMALMAP SHADER_API_DESKTOP UNITY_LIGHT_PROBE_PROXY_VOLUME UNITY_LIGHTMAP_FULL_HDR UNITY_NEEDS_RENDERPASS_FBFETCH_FALLBACK uKW=SHADER_STAGE_COMPUTE platform=metal flags=4294971424 reqs=50241 forceDXC=0 forceFXC=0  error: 2 plat 14 at ComputeShader.compute(27): undeclared identifier 'vel'
 ok=0 outsize=0

Cmd: compileComputeKernel
  insize=1828 file=Assets/Scenes/2dFirstApproach/Scripts/ComputeShader.compute kernel=CSMain ppOnly=0 stripLineD=0 buildPlatform=2 km=<UNITY_VERSION=60030000> pKW=UNITY_ENABLE_REFLECTION_BUFFERS UNITY_FRAMEBUFFER_FETCH_AVAILABLE UNITY_USE_DITHER_MASK_FOR_ALPHABLENDED_SHADOWS UNITY_PBS_USE_BRDF1 UNITY_SPECCUBE_BOX_PROJECTION UNITY_SPECCUBE_BLENDING UNITY_ENABLE_DETAIL_NORMALMAP SHADER_API_DESKTOP UNITY_LIGHT_PROBE_PROXY_VOLUME UNITY_LIGHTMAP_FULL_HDR UNITY_NEEDS_RENDERPASS_FBFETCH_FALLBACK uKW=SHADER_STAGE_COMPUTE platform=metal flags=4294971424 reqs=50241 forceDXC=0 forceFXC=0  error: 2 plat 14 at ComputeShader.compute(28): undeclared identifier 'collisionDamping'
 ok=0 outsize=0

Cmd: compileComputeKernel
  insize=1852 file=Assets/Scenes/2dFirstApproach/Scripts/ComputeShader.compute kernel=CSMain ppOnly=0 stripLineD=0 buildPlatform=2 km=<UNITY_VERSION=60030000> pKW=UNITY_ENABLE_REFLECTION_BUFFERS UNITY_FRAMEBUFFER_FETCH_AVAILABLE UNITY_USE_DITHER_MASK_FOR_ALPHABLENDED_SHADOWS UNITY_PBS_USE_BRDF1 UNITY_SPECCUBE_BOX_PROJECTION UNITY_SPECCUBE_BLENDING UNITY_ENABLE_DETAIL_NORMALMAP SHADER_API_DESKTOP UNITY_LIGHT_PROBE_PROXY_VOLUME UNITY_LIGHTMAP_FULL_HDR UNITY_NEEDS_RENDERPASS_FBFETCH_FALLBACK uKW=SHADER_STAGE_COMPUTE platform=metal flags=4294971424 reqs=50241 forceDXC=0 forceFXC=0 ok=1 outsize=2539

Cmd: compileComputeKernel
  insize=1858 file=Assets/Scenes/2dFirstApproach/Scripts/ComputeShader.compute kernel=CSMain ppOnly=0 stripLineD=0 buildPlatform=2 km=<UNITY_VERSION=60030000> pKW=UNITY_ENABLE_REFLECTION_BUFFERS UNITY_FRAMEBUFFER_FETCH_AVAILABLE UNITY_USE_DITHER_MASK_FOR_ALPHABLENDED_SHADOWS UNITY_PBS_USE_BRDF1 UNITY_SPECCUBE_BOX_PROJECTION UNITY_SPECCUBE_BLENDING UNITY_ENABLE_DETAIL_NORMALMAP SHADER_API_DESKTOP UNITY_LIGHT_PROBE_PROXY_VOLUME UNITY_LIGHTMAP_FULL_HDR UNITY_NEEDS_RENDERPASS_FBFETCH_FALLBACK uKW=SHADER_STAGE_COMPUTE platform=metal flags=4294971424 reqs=50241 forceDXC=0 forceFXC=0 ok=1 outsize=628

Cmd: compileComputeKernel
  insize=1986 file=Assets/Scenes/2dFirstApproach/Scripts/ComputeShader.compute kernel=CSMain ppOnly=0 stripLineD=0 buildPlatform=2 km=<UNITY_VERSION=60030000> pKW=UNITY_ENABLE_REFLECTION_BUFFERS UNITY_FRAMEBUFFER_FETCH_AVAILABLE UNITY_USE_DITHER_MASK_FOR_ALPHABLENDED_SHADOWS UNITY_PBS_USE_BRDF1 UNITY_SPECCUBE_BOX_PROJECTION UNITY_SPECCUBE_BLENDING UNITY_ENABLE_DETAIL_NORMALMAP SHADER_API_DESKTOP UNITY_LIGHT_PROBE_PROXY_VOLUME UNITY_LIGHTMAP_FULL_HDR UNITY_NEEDS_RENDERPASS_FBFETCH_FALLBACK uKW=SHADER_STAGE_COMPUTE platform=metal flags=4294971424 reqs=50241 forceDXC=0 forceFXC=0 ok=1 outsize=2539

Cmd: compileComputeKernel
  insize=1980 file=Assets/Scenes/2dFirstApproach/Scripts/ComputeShader.compute kernel=CSMain ppOnly=0 stripLineD=0 buildPlatform=2 km=<UNITY_VERSION=60030000> pKW=UNITY_ENABLE_REFLECTION_BUFFERS UNITY_FRAMEBUFFER_FETCH_AVAILABLE UNITY_USE_DITHER_MASK_FOR_ALPHABLENDED_SHADOWS UNITY_PBS_USE_BRDF1 UNITY_SPECCUBE_BOX_PROJECTION UNITY_SPECCUBE_BLENDING UNITY_ENABLE_DETAIL_NORMALMAP SHADER_API_DESKTOP UNITY_LIGHT_PROBE_PROXY_VOLUME UNITY_LIGHTMAP_FULL_HDR UNITY_NEEDS_RENDERPASS_FBFETCH_FALLBACK uKW=SHADER_STAGE_COMPUTE platform=metal flags=4294971424 reqs=50241 forceDXC=0 forceFXC=0 ok=1 outsize=2539

Cmd: compileComputeKernel
  insize=1986 file=Assets/Scenes/2dFirstApproach/Scripts/ComputeShader.compute kernel=CSMain ppOnly=0 stripLineD=0 buildPlatform=2 km=<UNITY_VERSION=60030000> pKW=UNITY_ENABLE_REFLECTION_BUFFERS UNITY_FRAMEBUFFER_FETCH_AVAILABLE UNITY_USE_DITHER_MASK_FOR_ALPHABLENDED_SHADOWS UNITY_PBS_USE_BRDF1 UNITY_SPECCUBE_BOX_PROJECTION UNITY_SPECCUBE_BLENDING UNITY_ENABLE_DETAIL_NORMALMAP SHADER_API_DESKTOP UNITY_LIGHT_PROBE_PROXY_VOLUME UNITY_LIGHTMAP_FULL_HDR UNITY_NEEDS_RENDERPASS_FBFETCH_FALLBACK uKW=SHADER_STAGE_COMPUTE platform=metal flags=4294971424 reqs=50241 forceDXC=0 forceFXC=0 ok=1 outsize=4744

Cmd: compileComputeKernel
  insize=1982 file=Assets/Scenes/2dFirstApproach/Scripts/ComputeShader.compute kernel=CSMain ppOnly=0 stripLineD=0 buildPlatform=2 km=<UNITY_VERSION=60030000> pKW=UNITY_ENABLE_REFLECTION_BUFFERS UNITY_FRAMEBUFFER_FETCH_AVAILABLE UNITY_USE_DITHER_MASK_FOR_ALPHABLENDED_SHADOWS UNITY_PBS_USE_BRDF1 UNITY_SPECCUBE_BOX_PROJECTION UNITY_SPECCUBE_BLENDING UNITY_ENABLE_DETAIL_NORMALMAP SHADER_API_DESKTOP UNITY_LIGHT_PROBE_PROXY_VOLUME UNITY_LIGHTMAP_FULL_HDR UNITY_NEEDS_RENDERPASS_FBFETCH_FALLBACK uKW=SHADER_STAGE_COMPUTE platform=metal flags=4294971424 reqs=50241 forceDXC=0 forceFXC=0 ok=1 outsize=4744

Cmd: compileComputeKernel
  insize=2024 file=Assets/Scenes/2dFirstApproach/Scripts/ComputeShader.compute kernel=CSMain ppOnly=0 stripLineD=0 buildPlatform=2 km=<UNITY_VERSION=60030000> pKW=UNITY_ENABLE_REFLECTION_BUFFERS UNITY_FRAMEBUFFER_FETCH_AVAILABLE UNITY_USE_DITHER_MASK_FOR_ALPHABLENDED_SHADOWS UNITY_PBS_USE_BRDF1 UNITY_SPECCUBE_BOX_PROJECTION UNITY_SPECCUBE_BLENDING UNITY_ENABLE_DETAIL_NORMALMAP SHADER_API_DESKTOP UNITY_LIGHT_PROBE_PROXY_VOLUME UNITY_LIGHTMAP_FULL_HDR UNITY_NEEDS_RENDERPASS_FBFETCH_FALLBACK uKW=SHADER_STAGE_COMPUTE platform=metal flags=4294971424 reqs=50241 forceDXC=0 forceFXC=0 ok=1 outsize=4473

Cmd: compileComputeKernel
  insize=1989 file=Assets/Scenes/2dFirstApproach/Scripts/ComputeShader.compute kernel=CSMain ppOnly=0 stripLineD=0 buildPlatform=2 km=<UNITY_VERSION=60030000> pKW=UNITY_ENABLE_REFLECTION_BUFFERS UNITY_FRAMEBUFFER_FETCH_AVAILABLE UNITY_USE_DITHER_MASK_FOR_ALPHABLENDED_SHADOWS UNITY_PBS_USE_BRDF1 UNITY_SPECCUBE_BOX_PROJECTION UNITY_SPECCUBE_BLENDING UNITY_ENABLE_DETAIL_NORMALMAP SHADER_API_DESKTOP UNITY_LIGHT_PROBE_PROXY_VOLUME UNITY_LIGHTMAP_FULL_HDR UNITY_NEEDS_RENDERPASS_FBFETCH_FALLBACK uKW=SHADER_STAGE_COMPUTE platform=metal flags=4294971424 reqs=50241 forceDXC=0 forceFXC=0 ok=1 outsize=4744

Cmd: compileComputeKernel
  insize=2059 file=Assets/Scenes/2dFirstApproach/Scripts/ComputeShader.compute kernel=CSMain ppOnly=0 stripLineD=0 buildPlatform=2 km=<UNITY_VERSION=60030000> pKW=UNITY_ENABLE_REFLECTION_BUFFERS UNITY_FRAMEBUFFER_FETCH_AVAILABLE UNITY_USE_DITHER_MASK_FOR_ALPHABLENDED_SHADOWS UNITY_PBS_USE_BRDF1 UNITY_SPECCUBE_BOX_PROJECTION UNITY_SPECCUBE_BLENDING UNITY_ENABLE_DETAIL_NORMALMAP SHADER_API_DESKTOP UNITY_LIGHT_PROBE_PROXY_VOLUME UNITY_LIGHTMAP_FULL_HDR UNITY_NEEDS_RENDERPASS_FBFETCH_FALLBACK uKW=SHADER_STAGE_COMPUTE platform=metal flags=4294971424 reqs=50241 forceDXC=0 forceFXC=0 ok=1 outsize=5724

Cmd: compileComputeKernel
  insize=2035 file=Assets/Scenes/2dFirstApproach/Scripts/ComputeShader.compute kernel=CSMain ppOnly=0 stripLineD=0 buildPlatform=2 km=<UNITY_VERSION=60030000> pKW=UNITY_ENABLE_REFLECTION_BUFFERS UNITY_FRAMEBUFFER_FETCH_AVAILABLE UNITY_USE_DITHER_MASK_FOR_ALPHABLENDED_SHADOWS UNITY_PBS_USE_BRDF1 UNITY_SPECCUBE_BOX_PROJECTION UNITY_SPECCUBE_BLENDING UNITY_ENABLE_DETAIL_NORMALMAP SHADER_API_DESKTOP UNITY_LIGHT_PROBE_PROXY_VOLUME UNITY_LIGHTMAP_FULL_HDR UNITY_NEEDS_RENDERPASS_FBFETCH_FALLBACK uKW=SHADER_STAGE_COMPUTE platform=metal flags=4294971424 reqs=50241 forceDXC=0 forceFXC=0 ok=1 outsize=5730

Cmd: compileComputeKernel
  insize=2051 file=Assets/Scenes/2dFirstApproach/Scripts/ComputeShader.compute kernel=CSMain ppOnly=0 stripLineD=0 buildPlatform=2 km=<UNITY_VERSION=60030000> pKW=UNITY_ENABLE_REFLECTION_BUFFERS UNITY_FRAMEBUFFER_FETCH_AVAILABLE UNITY_USE_DITHER_MASK_FOR_ALPHABLENDED_SHADOWS UNITY_PBS_USE_BRDF1 UNITY_SPECCUBE_BOX_PROJECTION UNITY_SPECCUBE_BLENDING UNITY_ENABLE_DETAIL_NORMALMAP SHADER_API_DESKTOP UNITY_LIGHT_PROBE_PROXY_VOLUME UNITY_LIGHTMAP_FULL_HDR UNITY_NEEDS_RENDERPASS_FBFETCH_FALLBACK uKW=SHADER_STAGE_COMPUTE platform=metal flags=4294971424 reqs=50241 forceDXC=0 forceFXC=0  error: 2 plat 14 at ComputeShader.compute(64): unrecognized identifier 'unint'
 ok=0 outsize=0

Cmd: compileComputeKernel
  insize=2094 file=Assets/Scenes/2dFirstApproach/Scripts/ComputeShader.compute kernel=CSMain ppOnly=0 stripLineD=0 buildPlatform=2 km=<UNITY_VERSION=60030000> pKW=UNITY_ENABLE_REFLECTION_BUFFERS UNITY_FRAMEBUFFER_FETCH_AVAILABLE UNITY_USE_DITHER_MASK_FOR_ALPHABLENDED_SHADOWS UNITY_PBS_USE_BRDF1 UNITY_SPECCUBE_BOX_PROJECTION UNITY_SPECCUBE_BLENDING UNITY_ENABLE_DETAIL_NORMALMAP SHADER_API_DESKTOP UNITY_LIGHT_PROBE_PROXY_VOLUME UNITY_LIGHTMAP_FULL_HDR UNITY_NEEDS_RENDERPASS_FBFETCH_FALLBACK uKW=SHADER_STAGE_COMPUTE platform=metal flags=4294971424 reqs=50241 forceDXC=0 forceFXC=0  error: 2 plat 14 at ComputeShader.compute(64): unrecognized identifier 'unint'
 ok=0 outsize=0

Cmd: compileComputeKernel
  insize=2102 file=Assets/Scenes/2dFirstApproach/Scripts/ComputeShader.compute kernel=CSMain ppOnly=0 stripLineD=0 buildPlatform=2 km=<UNITY_VERSION=60030000> pKW=UNITY_ENABLE_REFLECTION_BUFFERS UNITY_FRAMEBUFFER_FETCH_AVAILABLE UNITY_USE_DITHER_MASK_FOR_ALPHABLENDED_SHADOWS UNITY_PBS_USE_BRDF1 UNITY_SPECCUBE_BOX_PROJECTION UNITY_SPECCUBE_BLENDING UNITY_ENABLE_DETAIL_NORMALMAP SHADER_API_DESKTOP UNITY_LIGHT_PROBE_PROXY_VOLUME UNITY_LIGHTMAP_FULL_HDR UNITY_NEEDS_RENDERPASS_FBFETCH_FALLBACK uKW=SHADER_STAGE_COMPUTE platform=metal flags=4294971424 reqs=50241 forceDXC=0 forceFXC=0  error: 2 plat 14 at ComputeShader.compute(78): syntax error: unexpected token 'new'
 ok=0 outsize=0

Cmd: compileComputeKernel
  insize=2098 file=Assets/Scenes/2dFirstApproach/Scripts/ComputeShader.compute kernel=CSMain ppOnly=0 stripLineD=0 buildPlatform=2 km=<UNITY_VERSION=60030000> pKW=UNITY_ENABLE_REFLECTION_BUFFERS UNITY_FRAMEBUFFER_FETCH_AVAILABLE UNITY_USE_DITHER_MASK_FOR_ALPHABLENDED_SHADOWS UNITY_PBS_USE_BRDF1 UNITY_SPECCUBE_BOX_PROJECTION UNITY_SPECCUBE_BLENDING UNITY_ENABLE_DETAIL_NORMALMAP SHADER_API_DESKTOP UNITY_LIGHT_PROBE_PROXY_VOLUME UNITY_LIGHTMAP_FULL_HDR UNITY_NEEDS_RENDERPASS_FBFETCH_FALLBACK uKW=SHADER_STAGE_COMPUTE platform=metal flags=4294971424 reqs=50241 forceDXC=0 forceFXC=0  error: 2 plat 14 at ComputeShader.compute(78): syntax error: unexpected token '['
 ok=0 outsize=0

Cmd: compileComputeKernel
  insize=2092 file=Assets/Scenes/2dFirstApproach/Scripts/ComputeShader.compute kernel=CSMain ppOnly=0 stripLineD=0 buildPlatform=2 km=<UNITY_VERSION=60030000> pKW=UNITY_ENABLE_REFLECTION_BUFFERS UNITY_FRAMEBUFFER_FETCH_AVAILABLE UNITY_USE_DITHER_MASK_FOR_ALPHABLENDED_SHADOWS UNITY_PBS_USE_BRDF1 UNITY_SPECCUBE_BOX_PROJECTION UNITY_SPECCUBE_BLENDING UNITY_ENABLE_DETAIL_NORMALMAP SHADER_API_DESKTOP UNITY_LIGHT_PROBE_PROXY_VOLUME UNITY_LIGHTMAP_FULL_HDR UNITY_NEEDS_RENDERPASS_FBFETCH_FALLBACK uKW=SHADER_STAGE_COMPUTE platform=metal flags=4294971424 reqs=50241 forceDXC=0 forceFXC=0  error: 2 plat 14 at ComputeShader.compute(78): syntax error: unexpected token '['
 ok=0 outsize=0

Cmd: compileComputeKernel
  insize=2092 file=Assets/Scenes/2dFirstApproach/Scripts/ComputeShader.compute kernel=CSMain ppOnly=0 stripLineD=0 buildPlatform=2 km=<UNITY_VERSION=60030000> pKW=UNITY_ENABLE_REFLECTION_BUFFERS UNITY_FRAMEBUFFER_FETCH_AVAILABLE UNITY_USE_DITHER_MASK_FOR_ALPHABLENDED_SHADOWS UNITY_PBS_USE_BRDF1 UNITY_SPECCUBE_BOX_PROJECTION UNITY_SPECCUBE_BLENDING UNITY_ENABLE_DETAIL_NORMALMAP SHADER_API_DESKTOP UNITY_LIGHT_PROBE_PROXY_VOLUME UNITY_LIGHTMAP_FULL_HDR UNITY_NEEDS_RENDERPASS_FBFETCH_FALLBACK uKW=SHADER_STAGE_COMPUTE platform=metal flags=4294971424 reqs=50241 forceDXC=0 forceFXC=0  error: 1 plat 14 at ComputeShader.compute(78): comma expression used where a vector constructor may have been intended
  error: 1 plat 14 at ComputeShader.compute(78): potentially unintended use of a comma expression in a variable initializer
 ok=1 outsize=5384

Cmd: compileComputeKernel
  insize=2092 file=Assets/Scenes/2dFirstApproach/Scripts/ComputeShader.compute kernel=CSMain ppOnly=0 stripLineD=0 buildPlatform=2 km=<UNITY_VERSION=60030000> pKW=UNITY_ENABLE_REFLECTION_BUFFERS UNITY_FRAMEBUFFER_FETCH_AVAILABLE UNITY_USE_DITHER_MASK_FOR_ALPHABLENDED_SHADOWS UNITY_PBS_USE_BRDF1 UNITY_SPECCUBE_BOX_PROJECTION UNITY_SPECCUBE_BLENDING UNITY_ENABLE_DETAIL_NORMALMAP SHADER_API_DESKTOP UNITY_LIGHT_PROBE_PROXY_VOLUME UNITY_LIGHTMAP_FULL_HDR UNITY_NEEDS_RENDERPASS_FBFETCH_FALLBACK uKW=SHADER_STAGE_COMPUTE platform=metal flags=4294971424 reqs=50241 forceDXC=0 forceFXC=0 ok=1 outsize=5831

Cmd: compileComputeKernel
  insize=1997 file=Assets/Scenes/2dFirstApproach/Scripts/ComputeShader.compute kernel=CSMain ppOnly=0 stripLineD=0 buildPlatform=2 km=<UNITY_VERSION=60030000> pKW=UNITY_ENABLE_REFLECTION_BUFFERS UNITY_FRAMEBUFFER_FETCH_AVAILABLE UNITY_USE_DITHER_MASK_FOR_ALPHABLENDED_SHADOWS UNITY_PBS_USE_BRDF1 UNITY_SPECCUBE_BOX_PROJECTION UNITY_SPECCUBE_BLENDING UNITY_ENABLE_DETAIL_NORMALMAP SHADER_API_DESKTOP UNITY_LIGHT_PROBE_PROXY_VOLUME UNITY_LIGHTMAP_FULL_HDR UNITY_NEEDS_RENDERPASS_FBFETCH_FALLBACK uKW=SHADER_STAGE_COMPUTE platform=metal flags=4294971424 reqs=50241 forceDXC=0 forceFXC=0  error: 2 plat 14 at ComputeShader.compute(87): syntax error: unexpected token '{'
 ok=0 outsize=0

Cmd: compileComputeKernel
  insize=2004 file=Assets/Scenes/2dFirstApproach/Scripts/ComputeShader.compute kernel=CSMain ppOnly=0 stripLineD=0 buildPlatform=2 km=<UNITY_VERSION=60030000> pKW=UNITY_ENABLE_REFLECTION_BUFFERS UNITY_FRAMEBUFFER_FETCH_AVAILABLE UNITY_USE_DITHER_MASK_FOR_ALPHABLENDED_SHADOWS UNITY_PBS_USE_BRDF1 UNITY_SPECCUBE_BOX_PROJECTION UNITY_SPECCUBE_BLENDING UNITY_ENABLE_DETAIL_NORMALMAP SHADER_API_DESKTOP UNITY_LIGHT_PROBE_PROXY_VOLUME UNITY_LIGHTMAP_FULL_HDR UNITY_NEEDS_RENDERPASS_FBFETCH_FALLBACK uKW=SHADER_STAGE_COMPUTE platform=metal flags=4294971424 reqs=50241 forceDXC=0 forceFXC=0 ok=1 outsize=5810

Cmd: compileComputeKernel
  insize=2018 file=Assets/Scenes/2dFirstApproach/Scripts/ComputeShader.compute kernel=CSMain ppOnly=0 stripLineD=0 buildPlatform=2 km=<UNITY_VERSION=60030000> pKW=UNITY_ENABLE_REFLECTION_BUFFERS UNITY_FRAMEBUFFER_FETCH_AVAILABLE UNITY_USE_DITHER_MASK_FOR_ALPHABLENDED_SHADOWS UNITY_PBS_USE_BRDF1 UNITY_SPECCUBE_BOX_PROJECTION UNITY_SPECCUBE_BLENDING UNITY_ENABLE_DETAIL_NORMALMAP SHADER_API_DESKTOP UNITY_LIGHT_PROBE_PROXY_VOLUME UNITY_LIGHTMAP_FULL_HDR UNITY_NEEDS_RENDERPASS_FBFETCH_FALLBACK uKW=SHADER_STAGE_COMPUTE platform=metal flags=4294971424 reqs=50241 forceDXC=0 forceFXC=0 ok=1 outsize=5415

Cmd: compileComputeKernel
  insize=2116 file=Assets/Scenes/2dFirstApproach/Scripts/ComputeShader.compute kernel=CSMain ppOnly=0 stripLineD=0 buildPlatform=2 km=<UNITY_VERSION=60030000> pKW=UNITY_ENABLE_REFLECTION_BUFFERS UNITY_FRAMEBUFFER_FETCH_AVAILABLE UNITY_USE_DITHER_MASK_FOR_ALPHABLENDED_SHADOWS UNITY_PBS_USE_BRDF1 UNITY_SPECCUBE_BOX_PROJECTION UNITY_SPECCUBE_BLENDING UNITY_ENABLE_DETAIL_NORMALMAP SHADER_API_DESKTOP UNITY_LIGHT_PROBE_PROXY_VOLUME UNITY_LIGHTMAP_FULL_HDR UNITY_NEEDS_RENDERPASS_FBFETCH_FALLBACK uKW=SHADER_STAGE_COMPUTE platform=metal flags=4294971424 reqs=50241 forceDXC=0 forceFXC=0 ok=1 outsize=5831

Cmd: compileComputeKernel
  insize=2520 file=Assets/Scenes/2dFirstApproach/Scripts/ComputeShader.compute kernel=CSMain ppOnly=0 stripLineD=0 buildPlatform=2 km=<UNITY_VERSION=60030000> pKW=UNITY_ENABLE_REFLECTION_BUFFERS UNITY_FRAMEBUFFER_FETCH_AVAILABLE UNITY_USE_DITHER_MASK_FOR_ALPHABLENDED_SHADOWS UNITY_PBS_USE_BRDF1 UNITY_SPECCUBE_BOX_PROJECTION UNITY_SPECCUBE_BLENDING UNITY_ENABLE_DETAIL_NORMALMAP SHADER_API_DESKTOP UNITY_LIGHT_PROBE_PROXY_VOLUME UNITY_LIGHTMAP_FULL_HDR UNITY_NEEDS_RENDERPASS_FBFETCH_FALLBACK uKW=SHADER_STAGE_COMPUTE platform=metal flags=4294971424 reqs=50241 forceDXC=0 forceFXC=0  error: 2 plat 14 at ComputeShader.compute(93): 'UpdatePositions': no matching 0 parameter function
 ok=0 outsize=0

Cmd: compileComputeKernel
  insize=2518 file=Assets/Scenes/2dFirstApproach/Scripts/ComputeShader.compute kernel=CSMain ppOnly=0 stripLineD=0 buildPlatform=2 km=<UNITY_VERSION=60030000> pKW=UNITY_ENABLE_REFLECTION_BUFFERS UNITY_FRAMEBUFFER_FETCH_AVAILABLE UNITY_USE_DITHER_MASK_FOR_ALPHABLENDED_SHADOWS UNITY_PBS_USE_BRDF1 UNITY_SPECCUBE_BOX_PROJECTION UNITY_SPECCUBE_BLENDING UNITY_ENABLE_DETAIL_NORMALMAP SHADER_API_DESKTOP UNITY_LIGHT_PROBE_PROXY_VOLUME UNITY_LIGHTMAP_FULL_HDR UNITY_NEEDS_RENDERPASS_FBFETCH_FALLBACK uKW=SHADER_STAGE_COMPUTE platform=metal flags=4294971424 reqs=50241 forceDXC=0 forceFXC=0 ok=1 outsize=5810

Cmd: compileComputeKernel
  insize=2543 file=Assets/Scenes/2dFirstApproach/Scripts/ComputeShader.compute kernel=CSMain ppOnly=0 stripLineD=0 buildPlatform=2 km=<UNITY_VERSION=60030000> pKW=UNITY_ENABLE_REFLECTION_BUFFERS UNITY_FRAMEBUFFER_FETCH_AVAILABLE UNITY_USE_DITHER_MASK_FOR_ALPHABLENDED_SHADOWS UNITY_PBS_USE_BRDF1 UNITY_SPECCUBE_BOX_PROJECTION UNITY_SPECCUBE_BLENDING UNITY_ENABLE_DETAIL_NORMALMAP SHADER_API_DESKTOP UNITY_LIGHT_PROBE_PROXY_VOLUME UNITY_LIGHTMAP_FULL_HDR UNITY_NEEDS_RENDERPASS_FBFETCH_FALLBACK uKW=SHADER_STAGE_COMPUTE platform=metal flags=4294971424 reqs=50241 forceDXC=0 forceFXC=0 ok=1 outsize=5831

Cmd: compileComputeKernel
  insize=2285 file=Assets/Scenes/2dFirstApproach/Scripts/ComputeShader.compute kernel=CSMain ppOnly=0 stripLineD=0 buildPlatform=2 km=<UNITY_VERSION=60030000> pKW=UNITY_ENABLE_REFLECTION_BUFFERS UNITY_FRAMEBUFFER_FETCH_AVAILABLE UNITY_USE_DITHER_MASK_FOR_ALPHABLENDED_SHADOWS UNITY_PBS_USE_BRDF1 UNITY_SPECCUBE_BOX_PROJECTION UNITY_SPECCUBE_BLENDING UNITY_ENABLE_DETAIL_NORMALMAP SHADER_API_DESKTOP UNITY_LIGHT_PROBE_PROXY_VOLUME UNITY_LIGHTMAP_FULL_HDR UNITY_NEEDS_RENDERPASS_FBFETCH_FALLBACK uKW=SHADER_STAGE_COMPUTE platform=metal flags=4294971424 reqs=50241 forceDXC=0 forceFXC=0  error: 2 plat 14 at ComputeShader.compute(68): syntax error: unexpected token '{'
  error: 2 plat 14 at ComputeShader.compute(78): undeclared identifier 'acceleration'
 ok=0 outsize=0

Cmd: compileComputeKernel
  insize=2279 file=Assets/Scenes/2dFirstApproach/Scripts/ComputeShader.compute kernel=CSMain ppOnly=0 stripLineD=0 buildPlatform=2 km=<UNITY_VERSION=60030000> pKW=UNITY_ENABLE_REFLECTION_BUFFERS UNITY_FRAMEBUFFER_FETCH_AVAILABLE UNITY_USE_DITHER_MASK_FOR_ALPHABLENDED_SHADOWS UNITY_PBS_USE_BRDF1 UNITY_SPECCUBE_BOX_PROJECTION UNITY_SPECCUBE_BLENDING UNITY_ENABLE_DETAIL_NORMALMAP SHADER_API_DESKTOP UNITY_LIGHT_PROBE_PROXY_VOLUME UNITY_LIGHTMAP_FULL_HDR UNITY_NEEDS_RENDERPASS_FBFETCH_FALLBACK uKW=SHADER_STAGE_COMPUTE platform=metal flags=4294971424 reqs=50241 forceDXC=0 forceFXC=0  error: 2 plat 14 at ComputeShader.compute(68): syntax error: unexpected token '{'
  error: 2 plat 14 at ComputeShader.compute(78): undeclared identifier 'acceleration'
 ok=0 outsize=0

Cmd: compileComputeKernel
  insize=2320 file=Assets/Scenes/2dFirstApproach/Scripts/ComputeShader.compute kernel=CSMain ppOnly=0 stripLineD=0 buildPlatform=2 km=<UNITY_VERSION=60030000> pKW=UNITY_ENABLE_REFLECTION_BUFFERS UNITY_FRAMEBUFFER_FETCH_AVAILABLE UNITY_USE_DITHER_MASK_FOR_ALPHABLENDED_SHADOWS UNITY_PBS_USE_BRDF1 UNITY_SPECCUBE_BOX_PROJECTION UNITY_SPECCUBE_BLENDING UNITY_ENABLE_DETAIL_NORMALMAP SHADER_API_DESKTOP UNITY_LIGHT_PROBE_PROXY_VOLUME UNITY_LIGHTMAP_FULL_HDR UNITY_NEEDS_RENDERPASS_FBFETCH_FALLBACK uKW=SHADER_STAGE_COMPUTE platform=metal flags=4294971424 reqs=50241 forceDXC=0 forceFXC=0  error: 2 plat 14 at ComputeShader.compute(68): syntax error: unexpected token '['
  error: 2 plat 14 at ComputeShader.compute(79): undeclared identifier 'acc'
 ok=0 outsize=0

Cmd: compileComputeKernel
  insize=2324 file=Assets/Scenes/2dFirstApproach/Scripts/ComputeShader.compute kernel=CSMain ppOnly=0 stripLineD=0 buildPlatform=2 km=<UNITY_VERSION=60030000> pKW=UNITY_ENABLE_REFLECTION_BUFFERS UNITY_FRAMEBUFFER_FETCH_AVAILABLE UNITY_USE_DITHER_MASK_FOR_ALPHABLENDED_SHADOWS UNITY_PBS_USE_BRDF1 UNITY_SPECCUBE_BOX_PROJECTION UNITY_SPECCUBE_BLENDING UNITY_ENABLE_DETAIL_NORMALMAP SHADER_API_DESKTOP UNITY_LIGHT_PROBE_PROXY_VOLUME UNITY_LIGHTMAP_FULL_HDR UNITY_NEEDS_RENDERPASS_FBFETCH_FALLBACK uKW=SHADER_STAGE_COMPUTE platform=metal flags=4294971424 reqs=50241 forceDXC=0 forceFXC=0  error: 2 plat 14 at ComputeShader.compute(68): syntax error: unexpected token 'new'
  error: 2 plat 14 at ComputeShader.compute(79): undeclared identifier 'acc'
 ok=0 outsize=0

Cmd: compileComputeKernel
  insize=2314 file=Assets/Scenes/2dFirstApproach/Scripts/ComputeShader.compute kernel=CSMain ppOnly=0 stripLineD=0 buildPlatform=2 km=<UNITY_VERSION=60030000> pKW=UNITY_ENABLE_REFLECTION_BUFFERS UNITY_FRAMEBUFFER_FETCH_AVAILABLE UNITY_USE_DITHER_MASK_FOR_ALPHABLENDED_SHADOWS UNITY_PBS_USE_BRDF1 UNITY_SPECCUBE_BOX_PROJECTION UNITY_SPECCUBE_BLENDING UNITY_ENABLE_DETAIL_NORMALMAP SHADER_API_DESKTOP UNITY_LIGHT_PROBE_PROXY_VOLUME UNITY_LIGHTMAP_FULL_HDR UNITY_NEEDS_RENDERPASS_FBFETCH_FALLBACK uKW=SHADER_STAGE_COMPUTE platform=metal flags=4294971424 reqs=50241 forceDXC=0 forceFXC=0  error: 2 plat 14 at ComputeShader.compute(68): syntax error: unexpected token '['
  error: 2 plat 14 at ComputeShader.compute(79): undeclared identifier 'acc'
 ok=0 outsize=0

Cmd: compileComputeKernel
  insize=2314 file=Assets/Scenes/2dFirstApproach/Scripts/ComputeShader.compute kernel=CSMain ppOnly=0 stripLineD=0 buildPlatform=2 km=<UNITY_VERSION=60030000> pKW=UNITY_ENABLE_REFLECTION_BUFFERS UNITY_FRAMEBUFFER_FETCH_AVAILABLE UNITY_USE_DITHER_MASK_FOR_ALPHABLENDED_SHADOWS UNITY_PBS_USE_BRDF1 UNITY_SPECCUBE_BOX_PROJECTION UNITY_SPECCUBE_BLENDING UNITY_ENABLE_DETAIL_NORMALMAP SHADER_API_DESKTOP UNITY_LIGHT_PROBE_PROXY_VOLUME UNITY_LIGHTMAP_FULL_HDR UNITY_NEEDS_RENDERPASS_FBFETCH_FALLBACK uKW=SHADER_STAGE_COMPUTE platform=metal flags=4294971424 reqs=50241 forceDXC=0 forceFXC=0  error: 2 plat 14 at ComputeShader.compute(68): syntax error: unexpected token '{'
  error: 2 plat 14 at ComputeShader.compute(79): undeclared identifier 'acc'
 ok=0 outsize=0

Cmd: compileComputeKernel
  insize=2321 file=Assets/Scenes/2dFirstApproach/Scripts/ComputeShader.compute kernel=CSMain ppOnly=0 stripLineD=0 buildPlatform=2 km=<UNITY_VERSION=60030000> pKW=UNITY_ENABLE_REFLECTION_BUFFERS UNITY_FRAMEBUFFER_FETCH_AVAILABLE UNITY_USE_DITHER_MASK_FOR_ALPHABLENDED_SHADOWS UNITY_PBS_USE_BRDF1 UNITY_SPECCUBE_BOX_PROJECTION UNITY_SPECCUBE_BLENDING UNITY_ENABLE_DETAIL_NORMALMAP SHADER_API_DESKTOP UNITY_LIGHT_PROBE_PROXY_VOLUME UNITY_LIGHTMAP_FULL_HDR UNITY_NEEDS_RENDERPASS_FBFETCH_FALLBACK uKW=SHADER_STAGE_COMPUTE platform=metal flags=4294971424 reqs=50241 forceDXC=0 forceFXC=0  error: 2 plat 14 at ComputeShader.compute(79): undeclared identifier 'acc'
 ok=0 outsize=0

Cmd: compileComputeKernel
  insize=2336 file=Assets/Scenes/2dFirstApproach/Scripts/ComputeShader.compute kernel=CSMain ppOnly=0 stripLineD=0 buildPlatform=2 km=<UNITY_VERSION=60030000> pKW=UNITY_ENABLE_REFLECTION_BUFFERS UNITY_FRAMEBUFFER_FETCH_AVAILABLE UNITY_USE_DITHER_MASK_FOR_ALPHABLENDED_SHADOWS UNITY_PBS_USE_BRDF1 UNITY_SPECCUBE_BOX_PROJECTION UNITY_SPECCUBE_BLENDING UNITY_ENABLE_DETAIL_NORMALMAP SHADER_API_DESKTOP UNITY_LIGHT_PROBE_PROXY_VOLUME UNITY_LIGHTMAP_FULL_HDR UNITY_NEEDS_RENDERPASS_FBFETCH_FALLBACK uKW=SHADER_STAGE_COMPUTE platform=metal flags=4294971424 reqs=50241 forceDXC=0 forceFXC=0 ok=1 outsize=5831

Cmd: compileComputeKernel
  insize=2689 file=Assets/Scenes/2dFirstApproach/Scripts/ComputeShader.compute kernel=CSMain ppOnly=0 stripLineD=0 buildPlatform=2 km=<UNITY_VERSION=60030000> pKW=UNITY_ENABLE_REFLECTION_BUFFERS UNITY_FRAMEBUFFER_FETCH_AVAILABLE UNITY_USE_DITHER_MASK_FOR_ALPHABLENDED_SHADOWS UNITY_PBS_USE_BRDF1 UNITY_SPECCUBE_BOX_PROJECTION UNITY_SPECCUBE_BLENDING UNITY_ENABLE_DETAIL_NORMALMAP SHADER_API_DESKTOP UNITY_LIGHT_PROBE_PROXY_VOLUME UNITY_LIGHTMAP_FULL_HDR UNITY_NEEDS_RENDERPASS_FBFETCH_FALLBACK uKW=SHADER_STAGE_COMPUTE platform=metal flags=4294971424 reqs=50241 forceDXC=0 forceFXC=0 ok=1 outsize=5831

Cmd: compileComputeKernel
  insize=2790 file=Assets/Scenes/2dFirstApproach/Scripts/ComputeShader.compute kernel=CSMain ppOnly=0 stripLineD=0 buildPlatform=2 km=<UNITY_VERSION=60030000> pKW=UNITY_ENABLE_REFLECTION_BUFFERS UNITY_FRAMEBUFFER_FETCH_AVAILABLE UNITY_USE_DITHER_MASK_FOR_ALPHABLENDED_SHADOWS UNITY_PBS_USE_BRDF1 UNITY_SPECCUBE_BOX_PROJECTION UNITY_SPECCUBE_BLENDING UNITY_ENABLE_DETAIL_NORMALMAP SHADER_API_DESKTOP UNITY_LIGHT_PROBE_PROXY_VOLUME UNITY_LIGHTMAP_FULL_HDR UNITY_NEEDS_RENDERPASS_FBFETCH_FALLBACK uKW=SHADER_STAGE_COMPUTE platform=metal flags=4294971424 reqs=50241 forceDXC=0 forceFXC=0  error: 2 plat 14 at ComputeShader.compute(74): syntax error: unexpected token '}'
  error: 1 plat 14 at ComputeShader.compute(74): signed/unsigned mismatch, unsigned assumed
  error: 2 plat 14 at ComputeShader.compute(77): undeclared identifier 'otherPos'
 ok=0 outsize=0

Cmd: compileComputeKernel
  insize=2791 file=Assets/Scenes/2dFirstApproach/Scripts/ComputeShader.compute kernel=CSMain ppOnly=0 stripLineD=0 buildPlatform=2 km=<UNITY_VERSION=60030000> pKW=UNITY_ENABLE_REFLECTION_BUFFERS UNITY_FRAMEBUFFER_FETCH_AVAILABLE UNITY_USE_DITHER_MASK_FOR_ALPHABLENDED_SHADOWS UNITY_PBS_USE_BRDF1 UNITY_SPECCUBE_BOX_PROJECTION UNITY_SPECCUBE_BLENDING UNITY_ENABLE_DETAIL_NORMALMAP SHADER_API_DESKTOP UNITY_LIGHT_PROBE_PROXY_VOLUME UNITY_LIGHTMAP_FULL_HDR UNITY_NEEDS_RENDERPASS_FBFETCH_FALLBACK uKW=SHADER_STAGE_COMPUTE platform=metal flags=4294971424 reqs=50241 forceDXC=0 forceFXC=0  error: 1 plat 14 at ComputeShader.compute(74): signed/unsigned mismatch, unsigned assumed
 ok=1 outsize=5831

Cmd: compileComputeKernel
  insize=2790 file=Assets/Scenes/2dFirstApproach/Scripts/ComputeShader.compute kernel=CSMain ppOnly=0 stripLineD=0 buildPlatform=2 km=<UNITY_VERSION=60030000> pKW=UNITY_ENABLE_REFLECTION_BUFFERS UNITY_FRAMEBUFFER_FETCH_AVAILABLE UNITY_USE_DITHER_MASK_FOR_ALPHABLENDED_SHADOWS UNITY_PBS_USE_BRDF1 UNITY_SPECCUBE_BOX_PROJECTION UNITY_SPECCUBE_BLENDING UNITY_ENABLE_DETAIL_NORMALMAP SHADER_API_DESKTOP UNITY_LIGHT_PROBE_PROXY_VOLUME UNITY_LIGHTMAP_FULL_HDR UNITY_NEEDS_RENDERPASS_FBFETCH_FALLBACK uKW=SHADER_STAGE_COMPUTE platform=metal flags=4294971424 reqs=50241 forceDXC=0 forceFXC=0 ok=1 outsize=5831

Cmd: compileComputeKernel
  insize=2826 file=Assets/Scenes/2dFirstApproach/Scripts/ComputeShader.compute kernel=CSMain ppOnly=0 stripLineD=0 buildPlatform=2 km=<UNITY_VERSION=60030000> pKW=UNITY_ENABLE_REFLECTION_BUFFERS UNITY_FRAMEBUFFER_FETCH_AVAILABLE UNITY_USE_DITHER_MASK_FOR_ALPHABLENDED_SHADOWS UNITY_PBS_USE_BRDF1 UNITY_SPECCUBE_BOX_PROJECTION UNITY_SPECCUBE_BLENDING UNITY_ENABLE_DETAIL_NORMALMAP SHADER_API_DESKTOP UNITY_LIGHT_PROBE_PROXY_VOLUME UNITY_LIGHTMAP_FULL_HDR UNITY_NEEDS_RENDERPASS_FBFETCH_FALLBACK uKW=SHADER_STAGE_COMPUTE platform=metal flags=4294971424 reqs=50241 forceDXC=0 forceFXC=0  error: 2 plat 14 at ComputeShader.compute(78): syntax error: unexpected token '{'
 ok=0 outsize=0

Cmd: compileComputeKernel
  insize=2825 file=Assets/Scenes/2dFirstApproach/Scripts/ComputeShader.compute kernel=CSMain ppOnly=0 stripLineD=0 buildPlatform=2 km=<UNITY_VERSION=60030000> pKW=UNITY_ENABLE_REFLECTION_BUFFERS UNITY_FRAMEBUFFER_FETCH_AVAILABLE UNITY_USE_DITHER_MASK_FOR_ALPHABLENDED_SHADOWS UNITY_PBS_USE_BRDF1 UNITY_SPECCUBE_BOX_PROJECTION UNITY_SPECCUBE_BLENDING UNITY_ENABLE_DETAIL_NORMALMAP SHADER_API_DESKTOP UNITY_LIGHT_PROBE_PROXY_VOLUME UNITY_LIGHTMAP_FULL_HDR UNITY_NEEDS_RENDERPASS_FBFETCH_FALLBACK uKW=SHADER_STAGE_COMPUTE platform=metal flags=4294971424 reqs=50241 forceDXC=0 forceFXC=0  error: 2 plat 14 at ComputeShader.compute(78): syntax error: unexpected token '{'
 ok=0 outsize=0

Cmd: compileComputeKernel
  insize=2831 file=Assets/Scenes/2dFirstApproach/Scripts/ComputeShader.compute kernel=CSMain ppOnly=0 stripLineD=0 buildPlatform=2 km=<UNITY_VERSION=60030000> pKW=UNITY_ENABLE_REFLECTION_BUFFERS UNITY_FRAMEBUFFER_FETCH_AVAILABLE UNITY_USE_DITHER_MASK_FOR_ALPHABLENDED_SHADOWS UNITY_PBS_USE_BRDF1 UNITY_SPECCUBE_BOX_PROJECTION UNITY_SPECCUBE_BLENDING UNITY_ENABLE_DETAIL_NORMALMAP SHADER_API_DESKTOP UNITY_LIGHT_PROBE_PROXY_VOLUME UNITY_LIGHTMAP_FULL_HDR UNITY_NEEDS_RENDERPASS_FBFETCH_FALLBACK uKW=SHADER_STAGE_COMPUTE platform=metal flags=4294971424 reqs=50241 forceDXC=0 forceFXC=0  error: 2 plat 14 at ComputeShader.compute(78): syntax error: unexpected token '{'
 ok=0 outsize=0

Cmd: compileComputeKernel
  insize=2832 file=Assets/Scenes/2dFirstApproach/Scripts/ComputeShader.compute kernel=CSMain ppOnly=0 stripLineD=0 buildPlatform=2 km=<UNITY_VERSION=60030000> pKW=UNITY_ENABLE_REFLECTION_BUFFERS UNITY_FRAMEBUFFER_FETCH_AVAILABLE UNITY_USE_DITHER_MASK_FOR_ALPHABLENDED_SHADOWS UNITY_PBS_USE_BRDF1 UNITY_SPECCUBE_BOX_PROJECTION UNITY_SPECCUBE_BLENDING UNITY_ENABLE_DETAIL_NORMALMAP SHADER_API_DESKTOP UNITY_LIGHT_PROBE_PROXY_VOLUME UNITY_LIGHTMAP_FULL_HDR UNITY_NEEDS_RENDERPASS_FBFETCH_FALLBACK uKW=SHADER_STAGE_COMPUTE platform=metal flags=4294971424 reqs=50241 forceDXC=0 forceFXC=0  error: 2 plat 14 at ComputeShader.compute(78): syntax error: unexpected token '{'
 ok=0 outsize=0

Cmd: compileComputeKernel
  insize=2832 file=Assets/Scenes/2dFirstApproach/Scripts/ComputeShader.compute kernel=CSMain ppOnly=0 stripLineD=0 buildPlatform=2 km=<UNITY_VERSION=60030000> pKW=UNITY_ENABLE_REFLECTION_BUFFERS UNITY_FRAMEBUFFER_FETCH_AVAILABLE UNITY_USE_DITHER_MASK_FOR_ALPHABLENDED_SHADOWS UNITY_PBS_USE_BRDF1 UNITY_SPECCUBE_BOX_PROJECTION UNITY_SPECCUBE_BLENDING UNITY_ENABLE_DETAIL_NORMALMAP SHADER_API_DESKTOP UNITY_LIGHT_PROBE_PROXY_VOLUME UNITY_LIGHTMAP_FULL_HDR UNITY_NEEDS_RENDERPASS_FBFETCH_FALLBACK uKW=SHADER_STAGE_COMPUTE platform=metal flags=4294971424 reqs=50241 forceDXC=0 forceFXC=0 ok=1 outsize=6850

Cmd: compileComputeKernel
  insize=2833 file=Assets/Scenes/2dFirstApproach/Scripts/ComputeShader.compute kernel=CSMain ppOnly=0 stripLineD=0 buildPlatform=2 km=<UNITY_VERSION=60030000> pKW=UNITY_ENABLE_REFLECTION_BUFFERS UNITY_FRAMEBUFFER_FETCH_AVAILABLE UNITY_USE_DITHER_MASK_FOR_ALPHABLENDED_SHADOWS UNITY_PBS_USE_BRDF1 UNITY_SPECCUBE_BOX_PROJECTION UNITY_SPECCUBE_BLENDING UNITY_ENABLE_DETAIL_NORMALMAP SHADER_API_DESKTOP UNITY_LIGHT_PROBE_PROXY_VOLUME UNITY_LIGHTMAP_FULL_HDR UNITY_NEEDS_RENDERPASS_FBFETCH_FALLBACK uKW=SHADER_STAGE_COMPUTE platform=metal flags=4294971424 reqs=50241 forceDXC=0 forceFXC=0 ok=1 outsize=6851

Cmd: compileComputeKernel
  insize=3181 file=Assets/Scenes/2dFirstApproach/Scripts/ComputeShader.compute kernel=CSMain ppOnly=0 stripLineD=0 buildPlatform=2 km=<UNITY_VERSION=60030000> pKW=UNITY_ENABLE_REFLECTION_BUFFERS UNITY_FRAMEBUFFER_FETCH_AVAILABLE UNITY_USE_DITHER_MASK_FOR_ALPHABLENDED_SHADOWS UNITY_PBS_USE_BRDF1 UNITY_SPECCUBE_BOX_PROJECTION UNITY_SPECCUBE_BLENDING UNITY_ENABLE_DETAIL_NORMALMAP SHADER_API_DESKTOP UNITY_LIGHT_PROBE_PROXY_VOLUME UNITY_LIGHTMAP_FULL_HDR UNITY_NEEDS_RENDERPASS_FBFETCH_FALLBACK uKW=SHADER_STAGE_COMPUTE platform=metal flags=4294971424 reqs=50241 forceDXC=0 forceFXC=0 ok=1 outsize=7144

Cmd: compileComputeKernel
  insize=3188 file=Assets/Scenes/2dFirstApproach/Scripts/ComputeShader.compute kernel=CSMain ppOnly=0 stripLineD=0 buildPlatform=2 km=<UNITY_VERSION=60030000> pKW=UNITY_ENABLE_REFLECTION_BUFFERS UNITY_FRAMEBUFFER_FETCH_AVAILABLE UNITY_USE_DITHER_MASK_FOR_ALPHABLENDED_SHADOWS UNITY_PBS_USE_BRDF1 UNITY_SPECCUBE_BOX_PROJECTION UNITY_SPECCUBE_BLENDING UNITY_ENABLE_DETAIL_NORMALMAP SHADER_API_DESKTOP UNITY_LIGHT_PROBE_PROXY_VOLUME UNITY_LIGHTMAP_FULL_HDR UNITY_NEEDS_RENDERPASS_FBFETCH_FALLBACK uKW=SHADER_STAGE_COMPUTE platform=metal flags=4294971424 reqs=50241 forceDXC=0 forceFXC=0 ok=1 outsize=7235

Cmd: compileComputeKernel
  insize=3190 file=Assets/Scenes/2dFirstApproach/Scripts/ComputeShader.compute kernel=CSMain ppOnly=0 stripLineD=0 buildPlatform=2 km=<UNITY_VERSION=60030000> pKW=UNITY_ENABLE_REFLECTION_BUFFERS UNITY_FRAMEBUFFER_FETCH_AVAILABLE UNITY_USE_DITHER_MASK_FOR_ALPHABLENDED_SHADOWS UNITY_PBS_USE_BRDF1 UNITY_SPECCUBE_BOX_PROJECTION UNITY_SPECCUBE_BLENDING UNITY_ENABLE_DETAIL_NORMALMAP SHADER_API_DESKTOP UNITY_LIGHT_PROBE_PROXY_VOLUME UNITY_LIGHTMAP_FULL_HDR UNITY_NEEDS_RENDERPASS_FBFETCH_FALLBACK uKW=SHADER_STAGE_COMPUTE platform=metal flags=4294971424 reqs=50241 forceDXC=0 forceFXC=0 ok=1 outsize=7241

Cmd: compileComputeKernel
  insize=3169 file=Assets/Scenes/2dFirstApproach/Scripts/ComputeShader.compute kernel=CSMain ppOnly=0 stripLineD=0 buildPlatform=2 km=<UNITY_VERSION=60030000> pKW=UNITY_ENABLE_REFLECTION_BUFFERS UNITY_FRAMEBUFFER_FETCH_AVAILABLE UNITY_USE_DITHER_MASK_FOR_ALPHABLENDED_SHADOWS UNITY_PBS_USE_BRDF1 UNITY_SPECCUBE_BOX_PROJECTION UNITY_SPECCUBE_BLENDING UNITY_ENABLE_DETAIL_NORMALMAP SHADER_API_DESKTOP UNITY_LIGHT_PROBE_PROXY_VOLUME UNITY_LIGHTMAP_FULL_HDR UNITY_NEEDS_RENDERPASS_FBFETCH_FALLBACK uKW=SHADER_STAGE_COMPUTE platform=metal flags=4294971424 reqs=50241 forceDXC=0 forceFXC=0 ok=1 outsize=7085

Cmd: compileComputeKernel
  insize=3165 file=Assets/Scenes/2dFirstApproach/Scripts/ComputeShader.compute kernel=CSMain ppOnly=0 stripLineD=0 buildPlatform=2 km=<UNITY_VERSION=60030000> pKW=UNITY_ENABLE_REFLECTION_BUFFERS UNITY_FRAMEBUFFER_FETCH_AVAILABLE UNITY_USE_DITHER_MASK_FOR_ALPHABLENDED_SHADOWS UNITY_PBS_USE_BRDF1 UNITY_SPECCUBE_BOX_PROJECTION UNITY_SPECCUBE_BLENDING UNITY_ENABLE_DETAIL_NORMALMAP SHADER_API_DESKTOP UNITY_LIGHT_PROBE_PROXY_VOLUME UNITY_LIGHTMAP_FULL_HDR UNITY_NEEDS_RENDERPASS_FBFETCH_FALLBACK uKW=SHADER_STAGE_COMPUTE platform=metal flags=4294971424 reqs=50241 forceDXC=0 forceFXC=0 ok=1 outsize=6958

Cmd: compileComputeKernel
  insize=3162 file=Assets/Scenes/2dFirstApproach/Scripts/ComputeShader.compute kernel=CSMain ppOnly=0 stripLineD=0 buildPlatform=2 km=<UNITY_VERSION=60030000> pKW=UNITY_ENABLE_REFLECTION_BUFFERS UNITY_FRAMEBUFFER_FETCH_AVAILABLE UNITY_USE_DITHER_MASK_FOR_ALPHABLENDED_SHADOWS UNITY_PBS_USE_BRDF1 UNITY_SPECCUBE_BOX_PROJECTION UNITY_SPECCUBE_BLENDING UNITY_ENABLE_DETAIL_NORMALMAP SHADER_API_DESKTOP UNITY_LIGHT_PROBE_PROXY_VOLUME UNITY_LIGHTMAP_FULL_HDR UNITY_NEEDS_RENDERPASS_FBFETCH_FALLBACK uKW=SHADER_STAGE_COMPUTE platform=metal flags=4294971424 reqs=50241 forceDXC=0 forceFXC=0 ok=1 outsize=7048

Cmd: compileComputeKernel
  insize=3158 file=Assets/Scenes/2dFirstApproach/Scripts/ComputeShader.compute kernel=CSMain ppOnly=0 stripLineD=0 buildPlatform=2 km=<UNITY_VERSION=60030000> pKW=UNITY_ENABLE_REFLECTION_BUFFERS UNITY_FRAMEBUFFER_FETCH_AVAILABLE UNITY_USE_DITHER_MASK_FOR_ALPHABLENDED_SHADOWS UNITY_PBS_USE_BRDF1 UNITY_SPECCUBE_BOX_PROJECTION UNITY_SPECCUBE_BLENDING UNITY_ENABLE_DETAIL_NORMALMAP SHADER_API_DESKTOP UNITY_LIGHT_PROBE_PROXY_VOLUME UNITY_LIGHTMAP_FULL_HDR UNITY_NEEDS_RENDERPASS_FBFETCH_FALLBACK uKW=SHADER_STAGE_COMPUTE platform=metal flags=4294971424 reqs=50241 forceDXC=0 forceFXC=0 ok=1 outsize=6921

Cmd: compileComputeKernel
  insize=3197 file=Assets/Scenes/2dFirstApproach/Scripts/ComputeShader.compute kernel=CSMain ppOnly=0 stripLineD=0 buildPlatform=2 km=<UNITY_VERSION=60030000> pKW=UNITY_ENABLE_REFLECTION_BUFFERS UNITY_FRAMEBUFFER_FETCH_AVAILABLE UNITY_USE_DITHER_MASK_FOR_ALPHABLENDED_SHADOWS UNITY_PBS_USE_BRDF1 UNITY_SPECCUBE_BOX_PROJECTION UNITY_SPECCUBE_BLENDING UNITY_ENABLE_DETAIL_NORMALMAP SHADER_API_DESKTOP UNITY_LIGHT_PROBE_PROXY_VOLUME UNITY_LIGHTMAP_FULL_HDR UNITY_NEEDS_RENDERPASS_FBFETCH_FALLBACK uKW=SHADER_STAGE_COMPUTE platform=metal flags=4294971424 reqs=50241 forceDXC=0 forceFXC=0 ok=1 outsize=6948

Cmd: compileComputeKernel
  insize=3201 file=Assets/Scenes/2dFirstApproach/Scripts/ComputeShader.compute kernel=CSMain ppOnly=0 stripLineD=0 buildPlatform=2 km=<UNITY_VERSION=60030000> pKW=UNITY_ENABLE_REFLECTION_BUFFERS UNITY_FRAMEBUFFER_FETCH_AVAILABLE UNITY_USE_DITHER_MASK_FOR_ALPHABLENDED_SHADOWS UNITY_PBS_USE_BRDF1 UNITY_SPECCUBE_BOX_PROJECTION UNITY_SPECCUBE_BLENDING UNITY_ENABLE_DETAIL_NORMALMAP SHADER_API_DESKTOP UNITY_LIGHT_PROBE_PROXY_VOLUME UNITY_LIGHTMAP_FULL_HDR UNITY_NEEDS_RENDERPASS_FBFETCH_FALLBACK uKW=SHADER_STAGE_COMPUTE platform=metal flags=4294971424 reqs=50241 forceDXC=0 forceFXC=0 ok=1 outsize=7075

Cmd: compileComputeKernel
  insize=3207 file=Assets/Scenes/2dFirstApproach/Scripts/ComputeShader.compute kernel=CSMain ppOnly=0 stripLineD=0 buildPlatform=2 km=<UNITY_VERSION=60030000> pKW=UNITY_ENABLE_REFLECTION_BUFFERS UNITY_FRAMEBUFFER_FETCH_AVAILABLE UNITY_USE_DITHER_MASK_FOR_ALPHABLENDED_SHADOWS UNITY_PBS_USE_BRDF1 UNITY_SPECCUBE_BOX_PROJECTION UNITY_SPECCUBE_BLENDING UNITY_ENABLE_DETAIL_NORMALMAP SHADER_API_DESKTOP UNITY_LIGHT_PROBE_PROXY_VOLUME UNITY_LIGHTMAP_FULL_HDR UNITY_NEEDS_RENDERPASS_FBFETCH_FALLBACK uKW=SHADER_STAGE_COMPUTE platform=metal flags=4294971424 reqs=50241 forceDXC=0 forceFXC=0 ok=1 outsize=7118

Cmd: compileComputeKernel
  insize=3207 file=Assets/Scenes/2dFirstApproach/Scripts/ComputeShader.compute kernel=CSMain ppOnly=0 stripLineD=0 buildPlatform=2 km=<UNITY_VERSION=60030000> pKW=UNITY_ENABLE_REFLECTION_BUFFERS UNITY_FRAMEBUFFER_FETCH_AVAILABLE UNITY_USE_DITHER_MASK_FOR_ALPHABLENDED_SHADOWS UNITY_PBS_USE_BRDF1 UNITY_SPECCUBE_BOX_PROJECTION UNITY_SPECCUBE_BLENDING UNITY_ENABLE_DETAIL_NORMALMAP SHADER_API_DESKTOP UNITY_LIGHT_PROBE_PROXY_VOLUME UNITY_LIGHTMAP_FULL_HDR UNITY_NEEDS_RENDERPASS_FBFETCH_FALLBACK uKW=SHADER_STAGE_COMPUTE platform=metal flags=4294971424 reqs=50241 forceDXC=0 forceFXC=0 ok=1 outsize=7118

Cmd: compileComputeKernel
  insize=3236 file=Assets/Scenes/2dFirstApproach/Scripts/ComputeShader.compute kernel=CSMain ppOnly=0 stripLineD=0 buildPlatform=2 km=<UNITY_VERSION=60030000> pKW=UNITY_ENABLE_REFLECTION_BUFFERS UNITY_FRAMEBUFFER_FETCH_AVAILABLE UNITY_USE_DITHER_MASK_FOR_ALPHABLENDED_SHADOWS UNITY_PBS_USE_BRDF1 UNITY_SPECCUBE_BOX_PROJECTION UNITY_SPECCUBE_BLENDING UNITY_ENABLE_DETAIL_NORMALMAP SHADER_API_DESKTOP UNITY_LIGHT_PROBE_PROXY_VOLUME UNITY_LIGHTMAP_FULL_HDR UNITY_NEEDS_RENDERPASS_FBFETCH_FALLBACK uKW=SHADER_STAGE_COMPUTE platform=metal flags=4294971424 reqs=50241 forceDXC=0 forceFXC=0  error: 1 plat 14 at ComputeShader.compute(86): implicit truncation of vector type
 ok=1 outsize=7135

Cmd: compileComputeKernel
  insize=3239 file=Assets/Scenes/2dFirstApproach/Scripts/ComputeShader.compute kernel=CSMain ppOnly=0 stripLineD=0 buildPlatform=2 km=<UNITY_VERSION=60030000> pKW=UNITY_ENABLE_REFLECTION_BUFFERS UNITY_FRAMEBUFFER_FETCH_AVAILABLE UNITY_USE_DITHER_MASK_FOR_ALPHABLENDED_SHADOWS UNITY_PBS_USE_BRDF1 UNITY_SPECCUBE_BOX_PROJECTION UNITY_SPECCUBE_BLENDING UNITY_ENABLE_DETAIL_NORMALMAP SHADER_API_DESKTOP UNITY_LIGHT_PROBE_PROXY_VOLUME UNITY_LIGHTMAP_FULL_HDR UNITY_NEEDS_RENDERPASS_FBFETCH_FALLBACK uKW=SHADER_STAGE_COMPUTE platform=metal flags=4294971424 reqs=50241 forceDXC=0 forceFXC=0 ok=1 outsize=7135

Cmd: compileComputeKernel
  insize=3234 file=Assets/Scenes/2dFirstApproach/Scripts/ComputeShader.compute kernel=CSMain ppOnly=0 stripLineD=0 buildPlatform=2 km=<UNITY_VERSION=60030000> pKW=UNITY_ENABLE_REFLECTION_BUFFERS UNITY_FRAMEBUFFER_FETCH_AVAILABLE UNITY_USE_DITHER_MASK_FOR_ALPHABLENDED_SHADOWS UNITY_PBS_USE_BRDF1 UNITY_SPECCUBE_BOX_PROJECTION UNITY_SPECCUBE_BLENDING UNITY_ENABLE_DETAIL_NORMALMAP SHADER_API_DESKTOP UNITY_LIGHT_PROBE_PROXY_VOLUME UNITY_LIGHTMAP_FULL_HDR UNITY_NEEDS_RENDERPASS_FBFETCH_FALLBACK uKW=SHADER_STAGE_COMPUTE platform=metal flags=4294971424 reqs=50241 forceDXC=0 forceFXC=0 ok=1 outsize=7116

Cmd: compileComputeKernel
  insize=3233 file=Assets/Scenes/2dFirstApproach/Scripts/ComputeShader.compute kernel=CSMain ppOnly=0 stripLineD=0 buildPlatform=2 km=<UNITY_VERSION=60030000> pKW=UNITY_ENABLE_REFLECTION_BUFFERS UNITY_FRAMEBUFFER_FETCH_AVAILABLE UNITY_USE_DITHER_MASK_FOR_ALPHABLENDED_SHADOWS UNITY_PBS_USE_BRDF1 UNITY_SPECCUBE_BOX_PROJECTION UNITY_SPECCUBE_BLENDING UNITY_ENABLE_DETAIL_NORMALMAP SHADER_API_DESKTOP UNITY_LIGHT_PROBE_PROXY_VOLUME UNITY_LIGHTMAP_FULL_HDR UNITY_NEEDS_RENDERPASS_FBFETCH_FALLBACK uKW=SHADER_STAGE_COMPUTE platform=metal flags=4294971424 reqs=50241 forceDXC=0 forceFXC=0 ok=1 outsize=7113

Cmd: compileComputeKernel
  insize=3237 file=Assets/Scenes/2dFirstApproach/Scripts/ComputeShader.compute kernel=CSMain ppOnly=0 stripLineD=0 buildPlatform=2 km=<UNITY_VERSION=60030000> pKW=UNITY_ENABLE_REFLECTION_BUFFERS UNITY_FRAMEBUFFER_FETCH_AVAILABLE UNITY_USE_DITHER_MASK_FOR_ALPHABLENDED_SHADOWS UNITY_PBS_USE_BRDF1 UNITY_SPECCUBE_BOX_PROJECTION UNITY_SPECCUBE_BLENDING UNITY_ENABLE_DETAIL_NORMALMAP SHADER_API_DESKTOP UNITY_LIGHT_PROBE_PROXY_VOLUME UNITY_LIGHTMAP_FULL_HDR UNITY_NEEDS_RENDERPASS_FBFETCH_FALLBACK uKW=SHADER_STAGE_COMPUTE platform=metal flags=4294971424 reqs=50241 forceDXC=0 forceFXC=0 ok=1 outsize=7175

Cmd: compileComputeKernel
  insize=3236 file=Assets/Scenes/2dFirstApproach/Scripts/ComputeShader.compute kernel=CSMain ppOnly=0 stripLineD=0 buildPlatform=2 km=<UNITY_VERSION=60030000> pKW=UNITY_ENABLE_REFLECTION_BUFFERS UNITY_FRAMEBUFFER_FETCH_AVAILABLE UNITY_USE_DITHER_MASK_FOR_ALPHABLENDED_SHADOWS UNITY_PBS_USE_BRDF1 UNITY_SPECCUBE_BOX_PROJECTION UNITY_SPECCUBE_BLENDING UNITY_ENABLE_DETAIL_NORMALMAP SHADER_API_DESKTOP UNITY_LIGHT_PROBE_PROXY_VOLUME UNITY_LIGHTMAP_FULL_HDR UNITY_NEEDS_RENDERPASS_FBFETCH_FALLBACK uKW=SHADER_STAGE_COMPUTE platform=metal flags=4294971424 reqs=50241 forceDXC=0 forceFXC=0 ok=1 outsize=7116

Cmd: compileComputeKernel
  insize=3235 file=Assets/Scenes/2dFirstApproach/Scripts/ComputeShader.compute kernel=CSMain ppOnly=0 stripLineD=0 buildPlatform=2 km=<UNITY_VERSION=60030000> pKW=UNITY_ENABLE_REFLECTION_BUFFERS UNITY_FRAMEBUFFER_FETCH_AVAILABLE UNITY_USE_DITHER_MASK_FOR_ALPHABLENDED_SHADOWS UNITY_PBS_USE_BRDF1 UNITY_SPECCUBE_BOX_PROJECTION UNITY_SPECCUBE_BLENDING UNITY_ENABLE_DETAIL_NORMALMAP SHADER_API_DESKTOP UNITY_LIGHT_PROBE_PROXY_VOLUME UNITY_LIGHTMAP_FULL_HDR UNITY_NEEDS_RENDERPASS_FBFETCH_FALLBACK uKW=SHADER_STAGE_COMPUTE platform=metal flags=4294971424 reqs=50241 forceDXC=0 forceFXC=0 ok=1 outsize=7095

Cmd: compileComputeKernel
  insize=3205 file=Assets/Scenes/2dFirstApproach/Scripts/ComputeShader.compute kernel=CSMain ppOnly=0 stripLineD=0 buildPlatform=2 km=<UNITY_VERSION=60030000> pKW=UNITY_ENABLE_REFLECTION_BUFFERS UNITY_FRAMEBUFFER_FETCH_AVAILABLE UNITY_USE_DITHER_MASK_FOR_ALPHABLENDED_SHADOWS UNITY_PBS_USE_BRDF1 UNITY_SPECCUBE_BOX_PROJECTION UNITY_SPECCUBE_BLENDING UNITY_ENABLE_DETAIL_NORMALMAP SHADER_API_DESKTOP UNITY_LIGHT_PROBE_PROXY_VOLUME UNITY_LIGHTMAP_FULL_HDR UNITY_NEEDS_RENDERPASS_FBFETCH_FALLBACK uKW=SHADER_STAGE_COMPUTE platform=metal flags=4294971424 reqs=50241 forceDXC=0 forceFXC=0 ok=1 outsize=6977

Cmd: compileComputeKernel
  insize=3206 file=Assets/Scenes/2dFirstApproach/Scripts/ComputeShader.compute kernel=CSMain ppOnly=0 stripLineD=0 buildPlatform=2 km=<UNITY_VERSION=60030000> pKW=UNITY_ENABLE_REFLECTION_BUFFERS UNITY_FRAMEBUFFER_FETCH_AVAILABLE UNITY_USE_DITHER_MASK_FOR_ALPHABLENDED_SHADOWS UNITY_PBS_USE_BRDF1 UNITY_SPECCUBE_BOX_PROJECTION UNITY_SPECCUBE_BLENDING UNITY_ENABLE_DETAIL_NORMALMAP SHADER_API_DESKTOP UNITY_LIGHT_PROBE_PROXY_VOLUME UNITY_LIGHTMAP_FULL_HDR UNITY_NEEDS_RENDERPASS_FBFETCH_FALLBACK uKW=SHADER_STAGE_COMPUTE platform=metal flags=4294971424 reqs=50241 forceDXC=0 forceFXC=0 ok=1 outsize=7008

Cmd: compileComputeKernel
  insize=3207 file=Assets/Scenes/2dFirstApproach/Scripts/ComputeShader.compute kernel=CSMain ppOnly=0 stripLineD=0 buildPlatform=2 km=<UNITY_VERSION=60030000> pKW=UNITY_ENABLE_REFLECTION_BUFFERS UNITY_FRAMEBUFFER_FETCH_AVAILABLE UNITY_USE_DITHER_MASK_FOR_ALPHABLENDED_SHADOWS UNITY_PBS_USE_BRDF1 UNITY_SPECCUBE_BOX_PROJECTION UNITY_SPECCUBE_BLENDING UNITY_ENABLE_DETAIL_NORMALMAP SHADER_API_DESKTOP UNITY_LIGHT_PROBE_PROXY_VOLUME UNITY_LIGHTMAP_FULL_HDR UNITY_NEEDS_RENDERPASS_FBFETCH_FALLBACK uKW=SHADER_STAGE_COMPUTE platform=metal flags=4294971424 reqs=50241 forceDXC=0 forceFXC=0 ok=1 outsize=7021

Cmd: compileComputeKernel
  insize=3249 file=Assets/Scenes/2dFirstApproach/Scripts/ComputeShader.compute kernel=CSMain ppOnly=0 stripLineD=0 buildPlatform=2 km=<UNITY_VERSION=60030000> pKW=UNITY_ENABLE_REFLECTION_BUFFERS UNITY_FRAMEBUFFER_FETCH_AVAILABLE UNITY_USE_DITHER_MASK_FOR_ALPHABLENDED_SHADOWS UNITY_PBS_USE_BRDF1 UNITY_SPECCUBE_BOX_PROJECTION UNITY_SPECCUBE_BLENDING UNITY_ENABLE_DETAIL_NORMALMAP SHADER_API_DESKTOP UNITY_LIGHT_PROBE_PROXY_VOLUME UNITY_LIGHTMAP_FULL_HDR UNITY_NEEDS_RENDERPASS_FBFETCH_FALLBACK uKW=SHADER_STAGE_COMPUTE platform=metal flags=4294971424 reqs=50241 forceDXC=0 forceFXC=0 ok=1 outsize=7138

Cmd: compileComputeKernel
  insize=3253 file=Assets/Scenes/2dFirstApproach/Scripts/ComputeShader.compute kernel=CSMain ppOnly=0 stripLineD=0 buildPlatform=2 km=<UNITY_VERSION=60030000> pKW=UNITY_ENABLE_REFLECTION_BUFFERS UNITY_FRAMEBUFFER_FETCH_AVAILABLE UNITY_USE_DITHER_MASK_FOR_ALPHABLENDED_SHADOWS UNITY_PBS_USE_BRDF1 UNITY_SPECCUBE_BOX_PROJECTION UNITY_SPECCUBE_BLENDING UNITY_ENABLE_DETAIL_NORMALMAP SHADER_API_DESKTOP UNITY_LIGHT_PROBE_PROXY_VOLUME UNITY_LIGHTMAP_FULL_HDR UNITY_NEEDS_RENDERPASS_FBFETCH_FALLBACK uKW=SHADER_STAGE_COMPUTE platform=metal flags=4294971424 reqs=50241 forceDXC=0 forceFXC=0  error: 2 plat 14 at ComputeShader.compute(86): syntax error: unexpected token '*'
 ok=0 outsize=0

Cmd: compileComputeKernel
  insize=3290 file=Assets/Scenes/2dFirstApproach/Scripts/ComputeShader.compute kernel=CSMain ppOnly=0 stripLineD=0 buildPlatform=2 km=<UNITY_VERSION=60030000> pKW=UNITY_ENABLE_REFLECTION_BUFFERS UNITY_FRAMEBUFFER_FETCH_AVAILABLE UNITY_USE_DITHER_MASK_FOR_ALPHABLENDED_SHADOWS UNITY_PBS_USE_BRDF1 UNITY_SPECCUBE_BOX_PROJECTION UNITY_SPECCUBE_BLENDING UNITY_ENABLE_DETAIL_NORMALMAP SHADER_API_DESKTOP UNITY_LIGHT_PROBE_PROXY_VOLUME UNITY_LIGHTMAP_FULL_HDR UNITY_NEEDS_RENDERPASS_FBFETCH_FALLBACK uKW=SHADER_STAGE_COMPUTE platform=metal flags=4294971424 reqs=50241 forceDXC=0 forceFXC=0 ok=1 outsize=7186

Cmd: compileComputeKernel
  insize=3318 file=Assets/Scenes/2dFirstApproach/Scripts/ComputeShader.compute kernel=CSMain ppOnly=0 stripLineD=0 buildPlatform=2 km=<UNITY_VERSION=60030000> pKW=UNITY_ENABLE_REFLECTION_BUFFERS UNITY_FRAMEBUFFER_FETCH_AVAILABLE UNITY_USE_DITHER_MASK_FOR_ALPHABLENDED_SHADOWS UNITY_PBS_USE_BRDF1 UNITY_SPECCUBE_BOX_PROJECTION UNITY_SPECCUBE_BLENDING UNITY_ENABLE_DETAIL_NORMALMAP SHADER_API_DESKTOP UNITY_LIGHT_PROBE_PROXY_VOLUME UNITY_LIGHTMAP_FULL_HDR UNITY_NEEDS_RENDERPASS_FBFETCH_FALLBACK uKW=SHADER_STAGE_COMPUTE platform=metal flags=4294971424 reqs=50241 forceDXC=0 forceFXC=0 ok=1 outsize=7344

Cmd: shutdown

Quitting shader compiler process
